2025-05-18 10:01:25.636 | INFO     | __main__:monitor_positions:210 - Iniciando monitoramento de posições de carros para a sessão ID=228
2025-05-18 10:01:25.636 | INFO     | __main__:monitor_positions:211 - Arquivo de entrada: f1_data.txt
2025-05-18 10:01:26.001 | INFO     | __main__:connect:69 - Conexão com o banco de dados estabelecida para session_id=228
2025-05-18 10:01:26.085 | INFO     | __main__:connect:79 - Sessão encontrada: ID=228, Name=Qualifying, Type=Qualifying
2025-05-18 10:01:41.174 | INFO     | __main__:handle_shutdown:29 - Sinal de encerramento recebido (2)
2025-05-18 10:01:41.385 | INFO     | __main__:handle_shutdown:29 - Sinal de encerramento recebido (2)
2025-05-18 10:01:41.392 | INFO     | __main__:monitor_positions:302 - === Relatório Final ===
2025-05-18 10:01:41.392 | INFO     | __main__:monitor_positions:303 - Tempo total: 15.3s
2025-05-18 10:01:41.394 | INFO     | __main__:monitor_positions:304 - Linhas processadas: 9468
2025-05-18 10:01:41.394 | INFO     | __main__:monitor_positions:305 - Posições encontradas: 0
2025-05-18 10:01:41.394 | INFO     | __main__:monitor_positions:306 - Posições inseridas: 0
2025-05-18 10:01:41.395 | INFO     | __main__:monitor_positions:307 - Pilotos rastreados: 0
2025-05-18 10:01:41.433 | INFO     | __main__:close:172 - Conexão com o banco de dados fechada
2025-05-18 10:01:41.434 | INFO     | __main__:monitor_positions:316 - Monitoramento encerrado
2025-05-18 10:02:30.591 | INFO     | __main__:monitor_positions:210 - Iniciando monitoramento de posições de carros para a sessão ID=228
2025-05-18 10:02:30.592 | INFO     | __main__:monitor_positions:211 - Arquivo de entrada: f1_data.txt
2025-05-18 10:02:30.994 | INFO     | __main__:connect:69 - Conexão com o banco de dados estabelecida para session_id=228
2025-05-18 10:02:31.082 | INFO     | __main__:connect:79 - Sessão encontrada: ID=228, Name=Qualifying, Type=Qualifying
2025-05-18 10:02:43.240 | INFO     | __main__:handle_shutdown:29 - Sinal de encerramento recebido (2)
2025-05-18 10:02:43.308 | INFO     | __main__:monitor_positions:302 - === Relatório Final ===
2025-05-18 10:02:43.308 | INFO     | __main__:monitor_positions:303 - Tempo total: 12.2s
2025-05-18 10:02:43.309 | INFO     | __main__:monitor_positions:304 - Linhas processadas: 9468
2025-05-18 10:02:43.309 | INFO     | __main__:monitor_positions:305 - Posições encontradas: 0
2025-05-18 10:02:43.310 | INFO     | __main__:monitor_positions:306 - Posições inseridas: 0
2025-05-18 10:02:43.310 | INFO     | __main__:monitor_positions:307 - Pilotos rastreados: 0
2025-05-18 10:02:43.352 | INFO     | __main__:close:172 - Conexão com o banco de dados fechada
2025-05-18 10:02:43.353 | INFO     | __main__:monitor_positions:316 - Monitoramento encerrado
2025-05-18 10:20:12.541 | INFO     | __main__:monitor_positions:210 - Iniciando monitoramento de posições de carros para a sessão ID=229
2025-05-18 10:20:12.541 | INFO     | __main__:monitor_positions:211 - Arquivo de entrada: f1_data.txt
2025-05-18 10:20:12.948 | INFO     | __main__:connect:69 - Conexão com o banco de dados estabelecida para session_id=229
2025-05-18 10:20:13.032 | INFO     | __main__:connect:79 - Sessão encontrada: ID=229, Name=Race, Type=Race
2025-05-18 10:21:13.210 | INFO     | __main__:monitor_positions:276 - === Relatório de Progresso ===
2025-05-18 10:21:13.211 | INFO     | __main__:monitor_positions:277 - Tempo em execução: 60.2s
2025-05-18 10:21:13.211 | INFO     | __main__:monitor_positions:278 - Linhas processadas: 3217
2025-05-18 10:21:13.211 | INFO     | __main__:monitor_positions:279 - Posições encontradas: 0
2025-05-18 10:21:13.211 | INFO     | __main__:monitor_positions:280 - Posições inseridas: 0
2025-05-18 10:21:13.212 | INFO     | __main__:monitor_positions:281 - Pilotos rastreados: 0
2025-05-18 10:21:13.212 | INFO     | __main__:monitor_positions:284 - Tamanho do arquivo: 757.9 KB
2025-05-18 10:21:13.212 | INFO     | __main__:monitor_positions:285 - Posição atual: 757.9 KB (100.0%)
2025-05-18 10:22:13.496 | INFO     | __main__:monitor_positions:276 - === Relatório de Progresso ===
2025-05-18 10:22:13.496 | INFO     | __main__:monitor_positions:277 - Tempo em execução: 120.5s
2025-05-18 10:22:13.497 | INFO     | __main__:monitor_positions:278 - Linhas processadas: 4390
2025-05-18 10:22:13.497 | INFO     | __main__:monitor_positions:279 - Posições encontradas: 0
2025-05-18 10:22:13.498 | INFO     | __main__:monitor_positions:280 - Posições inseridas: 0
2025-05-18 10:22:13.498 | INFO     | __main__:monitor_positions:281 - Pilotos rastreados: 0
2025-05-18 10:22:13.498 | INFO     | __main__:monitor_positions:284 - Tamanho do arquivo: 1034.4 KB
2025-05-18 10:22:13.499 | INFO     | __main__:monitor_positions:285 - Posição atual: 1034.4 KB (100.0%)
2025-05-18 10:23:13.539 | INFO     | __main__:monitor_positions:276 - === Relatório de Progresso ===
2025-05-18 10:23:13.540 | INFO     | __main__:monitor_positions:277 - Tempo em execução: 180.5s
2025-05-18 10:23:13.540 | INFO     | __main__:monitor_positions:278 - Linhas processadas: 5542
2025-05-18 10:23:13.541 | INFO     | __main__:monitor_positions:279 - Posições encontradas: 0
2025-05-18 10:23:13.541 | INFO     | __main__:monitor_positions:280 - Posições inseridas: 0
2025-05-18 10:23:13.541 | INFO     | __main__:monitor_positions:281 - Pilotos rastreados: 0
2025-05-18 10:23:13.542 | INFO     | __main__:monitor_positions:284 - Tamanho do arquivo: 1303.6 KB
2025-05-18 10:23:13.542 | INFO     | __main__:monitor_positions:285 - Posição atual: 1303.6 KB (100.0%)
2025-05-18 10:24:14.052 | INFO     | __main__:monitor_positions:276 - === Relatório de Progresso ===
2025-05-18 10:24:14.052 | INFO     | __main__:monitor_positions:277 - Tempo em execução: 241.0s
2025-05-18 10:24:14.052 | INFO     | __main__:monitor_positions:278 - Linhas processadas: 6662
2025-05-18 10:24:14.053 | INFO     | __main__:monitor_positions:279 - Posições encontradas: 0
2025-05-18 10:24:14.053 | INFO     | __main__:monitor_positions:280 - Posições inseridas: 0
2025-05-18 10:24:14.053 | INFO     | __main__:monitor_positions:281 - Pilotos rastreados: 0
2025-05-18 10:24:14.054 | INFO     | __main__:monitor_positions:284 - Tamanho do arquivo: 1569.6 KB
2025-05-18 10:24:14.054 | INFO     | __main__:monitor_positions:285 - Posição atual: 1569.6 KB (100.0%)
2025-05-18 10:25:14.159 | INFO     | __main__:monitor_positions:276 - === Relatório de Progresso ===
2025-05-18 10:25:14.159 | INFO     | __main__:monitor_positions:277 - Tempo em execução: 301.1s
2025-05-18 10:25:14.160 | INFO     | __main__:monitor_positions:278 - Linhas processadas: 7777
2025-05-18 10:25:14.161 | INFO     | __main__:monitor_positions:279 - Posições encontradas: 0
2025-05-18 10:25:14.161 | INFO     | __main__:monitor_positions:280 - Posições inseridas: 0
2025-05-18 10:25:14.161 | INFO     | __main__:monitor_positions:281 - Pilotos rastreados: 0
2025-05-18 10:25:14.162 | INFO     | __main__:monitor_positions:284 - Tamanho do arquivo: 1841.3 KB
2025-05-18 10:25:14.162 | INFO     | __main__:monitor_positions:285 - Posição atual: 1841.3 KB (100.0%)
2025-05-18 10:26:14.261 | INFO     | __main__:monitor_positions:276 - === Relatório de Progresso ===
2025-05-18 10:26:14.261 | INFO     | __main__:monitor_positions:277 - Tempo em execução: 361.2s
2025-05-18 10:26:14.262 | INFO     | __main__:monitor_positions:278 - Linhas processadas: 8913
2025-05-18 10:26:14.262 | INFO     | __main__:monitor_positions:279 - Posições encontradas: 0
2025-05-18 10:26:14.262 | INFO     | __main__:monitor_positions:280 - Posições inseridas: 0
2025-05-18 10:26:14.263 | INFO     | __main__:monitor_positions:281 - Pilotos rastreados: 0
2025-05-18 10:26:14.263 | INFO     | __main__:monitor_positions:284 - Tamanho do arquivo: 2112.0 KB
2025-05-18 10:26:14.264 | INFO     | __main__:monitor_positions:285 - Posição atual: 2112.0 KB (100.0%)
2025-05-18 10:27:14.354 | INFO     | __main__:monitor_positions:276 - === Relatório de Progresso ===
2025-05-18 10:27:14.355 | INFO     | __main__:monitor_positions:277 - Tempo em execução: 421.3s
2025-05-18 10:27:14.355 | INFO     | __main__:monitor_positions:278 - Linhas processadas: 10014
2025-05-18 10:27:14.355 | INFO     | __main__:monitor_positions:279 - Posições encontradas: 0
2025-05-18 10:27:14.356 | INFO     | __main__:monitor_positions:280 - Posições inseridas: 0
2025-05-18 10:27:14.356 | INFO     | __main__:monitor_positions:281 - Pilotos rastreados: 0
2025-05-18 10:27:14.357 | INFO     | __main__:monitor_positions:284 - Tamanho do arquivo: 2373.5 KB
2025-05-18 10:27:14.357 | INFO     | __main__:monitor_positions:285 - Posição atual: 2373.5 KB (100.0%)
2025-05-18 10:28:14.483 | INFO     | __main__:monitor_positions:276 - === Relatório de Progresso ===
2025-05-18 10:28:14.484 | INFO     | __main__:monitor_positions:277 - Tempo em execução: 481.5s
2025-05-18 10:28:14.485 | INFO     | __main__:monitor_positions:278 - Linhas processadas: 11071
2025-05-18 10:28:14.486 | INFO     | __main__:monitor_positions:279 - Posições encontradas: 0
2025-05-18 10:28:14.486 | INFO     | __main__:monitor_positions:280 - Posições inseridas: 0
2025-05-18 10:28:14.487 | INFO     | __main__:monitor_positions:281 - Pilotos rastreados: 0
2025-05-18 10:28:14.487 | INFO     | __main__:monitor_positions:284 - Tamanho do arquivo: 2630.4 KB
2025-05-18 10:28:14.488 | INFO     | __main__:monitor_positions:285 - Posição atual: 2630.4 KB (100.0%)
2025-05-18 10:29:14.684 | INFO     | __main__:monitor_positions:276 - === Relatório de Progresso ===
2025-05-18 10:29:14.684 | INFO     | __main__:monitor_positions:277 - Tempo em execução: 541.7s
2025-05-18 10:29:14.684 | INFO     | __main__:monitor_positions:278 - Linhas processadas: 12170
2025-05-18 10:29:14.685 | INFO     | __main__:monitor_positions:279 - Posições encontradas: 0
2025-05-18 10:29:14.685 | INFO     | __main__:monitor_positions:280 - Posições inseridas: 0
2025-05-18 10:29:14.685 | INFO     | __main__:monitor_positions:281 - Pilotos rastreados: 0
2025-05-18 10:29:14.685 | INFO     | __main__:monitor_positions:284 - Tamanho do arquivo: 2894.0 KB
2025-05-18 10:29:14.686 | INFO     | __main__:monitor_positions:285 - Posição atual: 2894.0 KB (100.0%)
2025-05-18 10:30:14.894 | INFO     | __main__:monitor_positions:276 - === Relatório de Progresso ===
2025-05-18 10:30:14.896 | INFO     | __main__:monitor_positions:277 - Tempo em execução: 601.9s
2025-05-18 10:30:14.896 | INFO     | __main__:monitor_positions:278 - Linhas processadas: 13296
2025-05-18 10:30:14.897 | INFO     | __main__:monitor_positions:279 - Posições encontradas: 0
2025-05-18 10:30:14.897 | INFO     | __main__:monitor_positions:280 - Posições inseridas: 0
2025-05-18 10:30:14.898 | INFO     | __main__:monitor_positions:281 - Pilotos rastreados: 0
2025-05-18 10:30:14.898 | INFO     | __main__:monitor_positions:284 - Tamanho do arquivo: 3161.7 KB
2025-05-18 10:30:14.899 | INFO     | __main__:monitor_positions:285 - Posição atual: 3161.7 KB (100.0%)
2025-05-18 10:31:15.407 | INFO     | __main__:monitor_positions:276 - === Relatório de Progresso ===
2025-05-18 10:31:15.407 | INFO     | __main__:monitor_positions:277 - Tempo em execução: 662.4s
2025-05-18 10:31:15.408 | INFO     | __main__:monitor_positions:278 - Linhas processadas: 14397
2025-05-18 10:31:15.408 | INFO     | __main__:monitor_positions:279 - Posições encontradas: 0
2025-05-18 10:31:15.409 | INFO     | __main__:monitor_positions:280 - Posições inseridas: 0
2025-05-18 10:31:15.409 | INFO     | __main__:monitor_positions:281 - Pilotos rastreados: 0
2025-05-18 10:31:15.410 | INFO     | __main__:monitor_positions:284 - Tamanho do arquivo: 3427.0 KB
2025-05-18 10:31:15.410 | INFO     | __main__:monitor_positions:285 - Posição atual: 3427.0 KB (100.0%)
2025-05-18 10:32:15.686 | INFO     | __main__:monitor_positions:276 - === Relatório de Progresso ===
2025-05-18 10:32:15.686 | INFO     | __main__:monitor_positions:277 - Tempo em execução: 722.7s
2025-05-18 10:32:15.687 | INFO     | __main__:monitor_positions:278 - Linhas processadas: 15471
2025-05-18 10:32:15.687 | INFO     | __main__:monitor_positions:279 - Posições encontradas: 0
2025-05-18 10:32:15.688 | INFO     | __main__:monitor_positions:280 - Posições inseridas: 0
2025-05-18 10:32:15.688 | INFO     | __main__:monitor_positions:281 - Pilotos rastreados: 0
2025-05-18 10:32:15.688 | INFO     | __main__:monitor_positions:284 - Tamanho do arquivo: 3691.0 KB
2025-05-18 10:32:15.689 | INFO     | __main__:monitor_positions:285 - Posição atual: 3691.0 KB (100.0%)
2025-05-18 10:33:15.992 | INFO     | __main__:monitor_positions:276 - === Relatório de Progresso ===
2025-05-18 10:33:15.993 | INFO     | __main__:monitor_positions:277 - Tempo em execução: 783.0s
2025-05-18 10:33:15.993 | INFO     | __main__:monitor_positions:278 - Linhas processadas: 16575
2025-05-18 10:33:15.994 | INFO     | __main__:monitor_positions:279 - Posições encontradas: 0
2025-05-18 10:33:15.994 | INFO     | __main__:monitor_positions:280 - Posições inseridas: 0
2025-05-18 10:33:15.995 | INFO     | __main__:monitor_positions:281 - Pilotos rastreados: 0
2025-05-18 10:33:15.995 | INFO     | __main__:monitor_positions:284 - Tamanho do arquivo: 3963.9 KB
2025-05-18 10:33:15.996 | INFO     | __main__:monitor_positions:285 - Posição atual: 3963.9 KB (100.0%)
2025-05-18 10:34:16.068 | INFO     | __main__:monitor_positions:276 - === Relatório de Progresso ===
2025-05-18 10:34:16.069 | INFO     | __main__:monitor_positions:277 - Tempo em execução: 843.0s
2025-05-18 10:34:16.069 | INFO     | __main__:monitor_positions:278 - Linhas processadas: 17729
2025-05-18 10:34:16.070 | INFO     | __main__:monitor_positions:279 - Posições encontradas: 0
2025-05-18 10:34:16.071 | INFO     | __main__:monitor_positions:280 - Posições inseridas: 0
2025-05-18 10:34:16.071 | INFO     | __main__:monitor_positions:281 - Pilotos rastreados: 0
2025-05-18 10:34:16.072 | INFO     | __main__:monitor_positions:284 - Tamanho do arquivo: 4234.8 KB
2025-05-18 10:34:16.072 | INFO     | __main__:monitor_positions:285 - Posição atual: 4234.8 KB (100.0%)
2025-05-18 10:35:16.086 | INFO     | __main__:monitor_positions:276 - === Relatório de Progresso ===
2025-05-18 10:35:16.086 | INFO     | __main__:monitor_positions:277 - Tempo em execução: 903.1s
2025-05-18 10:35:16.087 | INFO     | __main__:monitor_positions:278 - Linhas processadas: 18827
2025-05-18 10:35:16.087 | INFO     | __main__:monitor_positions:279 - Posições encontradas: 0
2025-05-18 10:35:16.087 | INFO     | __main__:monitor_positions:280 - Posições inseridas: 0
2025-05-18 10:35:16.088 | INFO     | __main__:monitor_positions:281 - Pilotos rastreados: 0
2025-05-18 10:35:16.088 | INFO     | __main__:monitor_positions:284 - Tamanho do arquivo: 4495.2 KB
2025-05-18 10:35:16.089 | INFO     | __main__:monitor_positions:285 - Posição atual: 4495.2 KB (100.0%)
2025-05-18 10:36:16.186 | INFO     | __main__:monitor_positions:276 - === Relatório de Progresso ===
2025-05-18 10:36:16.188 | INFO     | __main__:monitor_positions:277 - Tempo em execução: 963.2s
2025-05-18 10:36:16.189 | INFO     | __main__:monitor_positions:278 - Linhas processadas: 19916
2025-05-18 10:36:16.189 | INFO     | __main__:monitor_positions:279 - Posições encontradas: 0
2025-05-18 10:36:16.190 | INFO     | __main__:monitor_positions:280 - Posições inseridas: 0
2025-05-18 10:36:16.191 | INFO     | __main__:monitor_positions:281 - Pilotos rastreados: 0
2025-05-18 10:36:16.192 | INFO     | __main__:monitor_positions:284 - Tamanho do arquivo: 4760.0 KB
2025-05-18 10:36:16.192 | INFO     | __main__:monitor_positions:285 - Posição atual: 4760.0 KB (100.0%)
2025-05-18 10:37:16.451 | INFO     | __main__:monitor_positions:276 - === Relatório de Progresso ===
2025-05-18 10:37:16.451 | INFO     | __main__:monitor_positions:277 - Tempo em execução: 1023.4s
2025-05-18 10:37:16.452 | INFO     | __main__:monitor_positions:278 - Linhas processadas: 21032
2025-05-18 10:37:16.452 | INFO     | __main__:monitor_positions:279 - Posições encontradas: 0
2025-05-18 10:37:16.453 | INFO     | __main__:monitor_positions:280 - Posições inseridas: 0
2025-05-18 10:37:16.453 | INFO     | __main__:monitor_positions:281 - Pilotos rastreados: 0
2025-05-18 10:37:16.453 | INFO     | __main__:monitor_positions:284 - Tamanho do arquivo: 5028.4 KB
2025-05-18 10:37:16.453 | INFO     | __main__:monitor_positions:285 - Posição atual: 5028.4 KB (100.0%)
2025-05-18 10:38:16.543 | INFO     | __main__:monitor_positions:276 - === Relatório de Progresso ===
2025-05-18 10:38:16.544 | INFO     | __main__:monitor_positions:277 - Tempo em execução: 1083.5s
2025-05-18 10:38:16.544 | INFO     | __main__:monitor_positions:278 - Linhas processadas: 22157
2025-05-18 10:38:16.544 | INFO     | __main__:monitor_positions:279 - Posições encontradas: 0
2025-05-18 10:38:16.545 | INFO     | __main__:monitor_positions:280 - Posições inseridas: 0
2025-05-18 10:38:16.545 | INFO     | __main__:monitor_positions:281 - Pilotos rastreados: 0
2025-05-18 10:38:16.545 | INFO     | __main__:monitor_positions:284 - Tamanho do arquivo: 5295.6 KB
2025-05-18 10:38:16.546 | INFO     | __main__:monitor_positions:285 - Posição atual: 5295.6 KB (100.0%)
2025-05-18 10:39:16.549 | INFO     | __main__:monitor_positions:276 - === Relatório de Progresso ===
2025-05-18 10:39:16.549 | INFO     | __main__:monitor_positions:277 - Tempo em execução: 1143.5s
2025-05-18 10:39:16.550 | INFO     | __main__:monitor_positions:278 - Linhas processadas: 23215
2025-05-18 10:39:16.550 | INFO     | __main__:monitor_positions:279 - Posições encontradas: 0
2025-05-18 10:39:16.550 | INFO     | __main__:monitor_positions:280 - Posições inseridas: 0
2025-05-18 10:39:16.551 | INFO     | __main__:monitor_positions:281 - Pilotos rastreados: 0
2025-05-18 10:39:16.551 | INFO     | __main__:monitor_positions:284 - Tamanho do arquivo: 5557.5 KB
2025-05-18 10:39:16.552 | INFO     | __main__:monitor_positions:285 - Posição atual: 5557.5 KB (100.0%)
2025-05-18 10:40:16.673 | INFO     | __main__:monitor_positions:276 - === Relatório de Progresso ===
2025-05-18 10:40:16.674 | INFO     | __main__:monitor_positions:277 - Tempo em execução: 1203.6s
2025-05-18 10:40:16.675 | INFO     | __main__:monitor_positions:278 - Linhas processadas: 24302
2025-05-18 10:40:16.675 | INFO     | __main__:monitor_positions:279 - Posições encontradas: 0
2025-05-18 10:40:16.676 | INFO     | __main__:monitor_positions:280 - Posições inseridas: 0
2025-05-18 10:40:16.676 | INFO     | __main__:monitor_positions:281 - Pilotos rastreados: 0
2025-05-18 10:40:16.677 | INFO     | __main__:monitor_positions:284 - Tamanho do arquivo: 5822.4 KB
2025-05-18 10:40:16.677 | INFO     | __main__:monitor_positions:285 - Posição atual: 5822.4 KB (100.0%)
2025-05-18 10:41:17.100 | INFO     | __main__:monitor_positions:276 - === Relatório de Progresso ===
2025-05-18 10:41:17.102 | INFO     | __main__:monitor_positions:277 - Tempo em execução: 1264.1s
2025-05-18 10:41:17.105 | INFO     | __main__:monitor_positions:278 - Linhas processadas: 25446
2025-05-18 10:41:17.106 | INFO     | __main__:monitor_positions:279 - Posições encontradas: 0
2025-05-18 10:41:17.107 | INFO     | __main__:monitor_positions:280 - Posições inseridas: 0
2025-05-18 10:41:17.107 | INFO     | __main__:monitor_positions:281 - Pilotos rastreados: 0
2025-05-18 10:41:17.108 | INFO     | __main__:monitor_positions:284 - Tamanho do arquivo: 6092.0 KB
2025-05-18 10:41:17.109 | INFO     | __main__:monitor_positions:285 - Posição atual: 6092.0 KB (100.0%)
2025-05-18 10:42:17.384 | INFO     | __main__:monitor_positions:276 - === Relatório de Progresso ===
2025-05-18 10:42:17.385 | INFO     | __main__:monitor_positions:277 - Tempo em execução: 1324.4s
2025-05-18 10:42:17.385 | INFO     | __main__:monitor_positions:278 - Linhas processadas: 26536
2025-05-18 10:42:17.386 | INFO     | __main__:monitor_positions:279 - Posições encontradas: 0
2025-05-18 10:42:17.386 | INFO     | __main__:monitor_positions:280 - Posições inseridas: 0
2025-05-18 10:42:17.386 | INFO     | __main__:monitor_positions:281 - Pilotos rastreados: 0
2025-05-18 10:42:17.387 | INFO     | __main__:monitor_positions:284 - Tamanho do arquivo: 6354.3 KB
2025-05-18 10:42:17.387 | INFO     | __main__:monitor_positions:285 - Posição atual: 6354.3 KB (100.0%)
2025-05-18 10:43:17.488 | INFO     | __main__:monitor_positions:276 - === Relatório de Progresso ===
2025-05-18 10:43:17.488 | INFO     | __main__:monitor_positions:277 - Tempo em execução: 1384.5s
2025-05-18 10:43:17.489 | INFO     | __main__:monitor_positions:278 - Linhas processadas: 27363
2025-05-18 10:43:17.489 | INFO     | __main__:monitor_positions:279 - Posições encontradas: 0
2025-05-18 10:43:17.490 | INFO     | __main__:monitor_positions:280 - Posições inseridas: 0
2025-05-18 10:43:17.490 | INFO     | __main__:monitor_positions:281 - Pilotos rastreados: 0
2025-05-18 10:43:17.490 | INFO     | __main__:monitor_positions:284 - Tamanho do arquivo: 6586.5 KB
2025-05-18 10:43:17.491 | INFO     | __main__:monitor_positions:285 - Posição atual: 6586.5 KB (100.0%)
2025-05-18 10:44:17.531 | INFO     | __main__:monitor_positions:276 - === Relatório de Progresso ===
2025-05-18 10:44:17.533 | INFO     | __main__:monitor_positions:277 - Tempo em execução: 1444.5s
2025-05-18 10:44:17.534 | INFO     | __main__:monitor_positions:278 - Linhas processadas: 28138
2025-05-18 10:44:17.535 | INFO     | __main__:monitor_positions:279 - Posições encontradas: 0
2025-05-18 10:44:17.537 | INFO     | __main__:monitor_positions:280 - Posições inseridas: 0
2025-05-18 10:44:17.539 | INFO     | __main__:monitor_positions:281 - Pilotos rastreados: 0
2025-05-18 10:44:17.541 | INFO     | __main__:monitor_positions:284 - Tamanho do arquivo: 6801.8 KB
2025-05-18 10:44:17.543 | INFO     | __main__:monitor_positions:285 - Posição atual: 6801.8 KB (100.0%)
2025-05-18 10:45:18.013 | INFO     | __main__:monitor_positions:276 - === Relatório de Progresso ===
2025-05-18 10:45:18.014 | INFO     | __main__:monitor_positions:277 - Tempo em execução: 1505.0s
2025-05-18 10:45:18.015 | INFO     | __main__:monitor_positions:278 - Linhas processadas: 28838
2025-05-18 10:45:18.015 | INFO     | __main__:monitor_positions:279 - Posições encontradas: 0
2025-05-18 10:45:18.016 | INFO     | __main__:monitor_positions:280 - Posições inseridas: 0
2025-05-18 10:45:18.017 | INFO     | __main__:monitor_positions:281 - Pilotos rastreados: 0
2025-05-18 10:45:18.017 | INFO     | __main__:monitor_positions:284 - Tamanho do arquivo: 7018.2 KB
2025-05-18 10:45:18.017 | INFO     | __main__:monitor_positions:285 - Posição atual: 7018.2 KB (100.0%)
2025-05-18 10:46:18.454 | INFO     | __main__:monitor_positions:276 - === Relatório de Progresso ===
2025-05-18 10:46:18.455 | INFO     | __main__:monitor_positions:277 - Tempo em execução: 1565.4s
2025-05-18 10:46:18.455 | INFO     | __main__:monitor_positions:278 - Linhas processadas: 29726
2025-05-18 10:46:18.456 | INFO     | __main__:monitor_positions:279 - Posições encontradas: 0
2025-05-18 10:46:18.460 | INFO     | __main__:monitor_positions:280 - Posições inseridas: 0
2025-05-18 10:46:18.461 | INFO     | __main__:monitor_positions:281 - Pilotos rastreados: 0
2025-05-18 10:46:18.461 | INFO     | __main__:monitor_positions:284 - Tamanho do arquivo: 7254.4 KB
2025-05-18 10:46:18.463 | INFO     | __main__:monitor_positions:285 - Posição atual: 7254.4 KB (100.0%)
2025-05-18 10:47:18.890 | INFO     | __main__:monitor_positions:276 - === Relatório de Progresso ===
2025-05-18 10:47:18.890 | INFO     | __main__:monitor_positions:277 - Tempo em execução: 1625.9s
2025-05-18 10:47:18.891 | INFO     | __main__:monitor_positions:278 - Linhas processadas: 30771
2025-05-18 10:47:18.891 | INFO     | __main__:monitor_positions:279 - Posições encontradas: 0
2025-05-18 10:47:18.891 | INFO     | __main__:monitor_positions:280 - Posições inseridas: 0
2025-05-18 10:47:18.892 | INFO     | __main__:monitor_positions:281 - Pilotos rastreados: 0
2025-05-18 10:47:18.892 | INFO     | __main__:monitor_positions:284 - Tamanho do arquivo: 7510.4 KB
2025-05-18 10:47:18.893 | INFO     | __main__:monitor_positions:285 - Posição atual: 7510.4 KB (100.0%)
2025-05-18 10:48:19.338 | INFO     | __main__:monitor_positions:276 - === Relatório de Progresso ===
2025-05-18 10:48:19.338 | INFO     | __main__:monitor_positions:277 - Tempo em execução: 1686.3s
2025-05-18 10:48:19.338 | INFO     | __main__:monitor_positions:278 - Linhas processadas: 31844
2025-05-18 10:48:19.339 | INFO     | __main__:monitor_positions:279 - Posições encontradas: 0
2025-05-18 10:48:19.339 | INFO     | __main__:monitor_positions:280 - Posições inseridas: 0
2025-05-18 10:48:19.339 | INFO     | __main__:monitor_positions:281 - Pilotos rastreados: 0
2025-05-18 10:48:19.340 | INFO     | __main__:monitor_positions:284 - Tamanho do arquivo: 7771.7 KB
2025-05-18 10:48:19.340 | INFO     | __main__:monitor_positions:285 - Posição atual: 7771.7 KB (100.0%)
2025-05-18 10:49:19.775 | INFO     | __main__:monitor_positions:276 - === Relatório de Progresso ===
2025-05-18 10:49:19.775 | INFO     | __main__:monitor_positions:277 - Tempo em execução: 1746.7s
2025-05-18 10:49:19.776 | INFO     | __main__:monitor_positions:278 - Linhas processadas: 32944
2025-05-18 10:49:19.776 | INFO     | __main__:monitor_positions:279 - Posições encontradas: 0
2025-05-18 10:49:19.776 | INFO     | __main__:monitor_positions:280 - Posições inseridas: 0
2025-05-18 10:49:19.776 | INFO     | __main__:monitor_positions:281 - Pilotos rastreados: 0
2025-05-18 10:49:19.777 | INFO     | __main__:monitor_positions:284 - Tamanho do arquivo: 8033.1 KB
2025-05-18 10:49:19.777 | INFO     | __main__:monitor_positions:285 - Posição atual: 8033.1 KB (100.0%)
2025-05-18 10:50:20.210 | INFO     | __main__:monitor_positions:276 - === Relatório de Progresso ===
2025-05-18 10:50:20.210 | INFO     | __main__:monitor_positions:277 - Tempo em execução: 1807.2s
2025-05-18 10:50:20.211 | INFO     | __main__:monitor_positions:278 - Linhas processadas: 34020
2025-05-18 10:50:20.212 | INFO     | __main__:monitor_positions:279 - Posições encontradas: 0
2025-05-18 10:50:20.212 | INFO     | __main__:monitor_positions:280 - Posições inseridas: 0
2025-05-18 10:50:20.213 | INFO     | __main__:monitor_positions:281 - Pilotos rastreados: 0
2025-05-18 10:50:20.214 | INFO     | __main__:monitor_positions:284 - Tamanho do arquivo: 8294.7 KB
2025-05-18 10:50:20.214 | INFO     | __main__:monitor_positions:285 - Posição atual: 8294.7 KB (100.0%)
2025-05-18 10:51:20.257 | INFO     | __main__:monitor_positions:276 - === Relatório de Progresso ===
2025-05-18 10:51:20.258 | INFO     | __main__:monitor_positions:277 - Tempo em execução: 1867.2s
2025-05-18 10:51:20.258 | INFO     | __main__:monitor_positions:278 - Linhas processadas: 35068
2025-05-18 10:51:20.258 | INFO     | __main__:monitor_positions:279 - Posições encontradas: 0
2025-05-18 10:51:20.259 | INFO     | __main__:monitor_positions:280 - Posições inseridas: 0
2025-05-18 10:51:20.259 | INFO     | __main__:monitor_positions:281 - Pilotos rastreados: 0
2025-05-18 10:51:20.259 | INFO     | __main__:monitor_positions:284 - Tamanho do arquivo: 8549.7 KB
2025-05-18 10:51:20.260 | INFO     | __main__:monitor_positions:285 - Posição atual: 8549.7 KB (100.0%)
2025-05-18 10:52:20.277 | INFO     | __main__:monitor_positions:276 - === Relatório de Progresso ===
2025-05-18 10:52:20.278 | INFO     | __main__:monitor_positions:277 - Tempo em execução: 1927.2s
2025-05-18 10:52:20.279 | INFO     | __main__:monitor_positions:278 - Linhas processadas: 36131
2025-05-18 10:52:20.279 | INFO     | __main__:monitor_positions:279 - Posições encontradas: 0
2025-05-18 10:52:20.279 | INFO     | __main__:monitor_positions:280 - Posições inseridas: 0
2025-05-18 10:52:20.281 | INFO     | __main__:monitor_positions:281 - Pilotos rastreados: 0
2025-05-18 10:52:20.281 | INFO     | __main__:monitor_positions:284 - Tamanho do arquivo: 8808.6 KB
2025-05-18 10:52:20.282 | INFO     | __main__:monitor_positions:285 - Posição atual: 8808.6 KB (100.0%)
2025-05-18 10:53:20.303 | INFO     | __main__:monitor_positions:276 - === Relatório de Progresso ===
2025-05-18 10:53:20.305 | INFO     | __main__:monitor_positions:277 - Tempo em execução: 1987.3s
2025-05-18 10:53:20.306 | INFO     | __main__:monitor_positions:278 - Linhas processadas: 37232
2025-05-18 10:53:20.308 | INFO     | __main__:monitor_positions:279 - Posições encontradas: 0
2025-05-18 10:53:20.309 | INFO     | __main__:monitor_positions:280 - Posições inseridas: 0
2025-05-18 10:53:20.310 | INFO     | __main__:monitor_positions:281 - Pilotos rastreados: 0
2025-05-18 10:53:20.311 | INFO     | __main__:monitor_positions:284 - Tamanho do arquivo: 9071.1 KB
2025-05-18 10:53:20.312 | INFO     | __main__:monitor_positions:285 - Posição atual: 9071.1 KB (100.0%)
2025-05-18 10:54:20.734 | INFO     | __main__:monitor_positions:276 - === Relatório de Progresso ===
2025-05-18 10:54:20.734 | INFO     | __main__:monitor_positions:277 - Tempo em execução: 2047.7s
2025-05-18 10:54:20.735 | INFO     | __main__:monitor_positions:278 - Linhas processadas: 38297
2025-05-18 10:54:20.735 | INFO     | __main__:monitor_positions:279 - Posições encontradas: 0
2025-05-18 10:54:20.735 | INFO     | __main__:monitor_positions:280 - Posições inseridas: 0
2025-05-18 10:54:20.735 | INFO     | __main__:monitor_positions:281 - Pilotos rastreados: 0
2025-05-18 10:54:20.735 | INFO     | __main__:monitor_positions:284 - Tamanho do arquivo: 9327.9 KB
2025-05-18 10:54:20.736 | INFO     | __main__:monitor_positions:285 - Posição atual: 9327.9 KB (100.0%)
2025-05-18 10:55:21.198 | INFO     | __main__:monitor_positions:276 - === Relatório de Progresso ===
2025-05-18 10:55:21.199 | INFO     | __main__:monitor_positions:277 - Tempo em execução: 2108.2s
2025-05-18 10:55:21.200 | INFO     | __main__:monitor_positions:278 - Linhas processadas: 39339
2025-05-18 10:55:21.200 | INFO     | __main__:monitor_positions:279 - Posições encontradas: 0
2025-05-18 10:55:21.200 | INFO     | __main__:monitor_positions:280 - Posições inseridas: 0
2025-05-18 10:55:21.201 | INFO     | __main__:monitor_positions:281 - Pilotos rastreados: 0
2025-05-18 10:55:21.201 | INFO     | __main__:monitor_positions:284 - Tamanho do arquivo: 9583.2 KB
2025-05-18 10:55:21.202 | INFO     | __main__:monitor_positions:285 - Posição atual: 9583.2 KB (100.0%)
2025-05-18 10:56:21.697 | INFO     | __main__:monitor_positions:276 - === Relatório de Progresso ===
2025-05-18 10:56:21.698 | INFO     | __main__:monitor_positions:277 - Tempo em execução: 2168.7s
2025-05-18 10:56:21.698 | INFO     | __main__:monitor_positions:278 - Linhas processadas: 40430
2025-05-18 10:56:21.699 | INFO     | __main__:monitor_positions:279 - Posições encontradas: 0
2025-05-18 10:56:21.699 | INFO     | __main__:monitor_positions:280 - Posições inseridas: 0
2025-05-18 10:56:21.699 | INFO     | __main__:monitor_positions:281 - Pilotos rastreados: 0
2025-05-18 10:56:21.700 | INFO     | __main__:monitor_positions:284 - Tamanho do arquivo: 9849.7 KB
2025-05-18 10:56:21.700 | INFO     | __main__:monitor_positions:285 - Posição atual: 9849.7 KB (100.0%)
2025-05-18 10:57:21.727 | INFO     | __main__:monitor_positions:276 - === Relatório de Progresso ===
2025-05-18 10:57:21.728 | INFO     | __main__:monitor_positions:277 - Tempo em execução: 2228.7s
2025-05-18 10:57:21.729 | INFO     | __main__:monitor_positions:278 - Linhas processadas: 41513
2025-05-18 10:57:21.729 | INFO     | __main__:monitor_positions:279 - Posições encontradas: 0
2025-05-18 10:57:21.730 | INFO     | __main__:monitor_positions:280 - Posições inseridas: 0
2025-05-18 10:57:21.732 | INFO     | __main__:monitor_positions:281 - Pilotos rastreados: 0
2025-05-18 10:57:21.732 | INFO     | __main__:monitor_positions:284 - Tamanho do arquivo: 10109.9 KB
2025-05-18 10:57:21.733 | INFO     | __main__:monitor_positions:285 - Posição atual: 10109.9 KB (100.0%)
2025-05-18 10:58:22.127 | INFO     | __main__:monitor_positions:276 - === Relatório de Progresso ===
2025-05-18 10:58:22.128 | INFO     | __main__:monitor_positions:277 - Tempo em execução: 2289.1s
2025-05-18 10:58:22.130 | INFO     | __main__:monitor_positions:278 - Linhas processadas: 42572
2025-05-18 10:58:22.132 | INFO     | __main__:monitor_positions:279 - Posições encontradas: 0
2025-05-18 10:58:22.133 | INFO     | __main__:monitor_positions:280 - Posições inseridas: 0
2025-05-18 10:58:22.134 | INFO     | __main__:monitor_positions:281 - Pilotos rastreados: 0
2025-05-18 10:58:22.136 | INFO     | __main__:monitor_positions:284 - Tamanho do arquivo: 10366.9 KB
2025-05-18 10:58:22.139 | INFO     | __main__:monitor_positions:285 - Posição atual: 10366.9 KB (100.0%)
2025-05-18 10:59:22.510 | INFO     | __main__:monitor_positions:276 - === Relatório de Progresso ===
2025-05-18 10:59:22.510 | INFO     | __main__:monitor_positions:277 - Tempo em execução: 2349.5s
2025-05-18 10:59:22.511 | INFO     | __main__:monitor_positions:278 - Linhas processadas: 43623
2025-05-18 10:59:22.511 | INFO     | __main__:monitor_positions:279 - Posições encontradas: 0
2025-05-18 10:59:22.512 | INFO     | __main__:monitor_positions:280 - Posições inseridas: 0
2025-05-18 10:59:22.512 | INFO     | __main__:monitor_positions:281 - Pilotos rastreados: 0
2025-05-18 10:59:22.512 | INFO     | __main__:monitor_positions:284 - Tamanho do arquivo: 10624.0 KB
2025-05-18 10:59:22.513 | INFO     | __main__:monitor_positions:285 - Posição atual: 10624.0 KB (100.0%)
2025-05-18 11:00:22.658 | INFO     | __main__:monitor_positions:276 - === Relatório de Progresso ===
2025-05-18 11:00:22.660 | INFO     | __main__:monitor_positions:277 - Tempo em execução: 2409.6s
2025-05-18 11:00:22.660 | INFO     | __main__:monitor_positions:278 - Linhas processadas: 44716
2025-05-18 11:00:22.660 | INFO     | __main__:monitor_positions:279 - Posições encontradas: 0
2025-05-18 11:00:22.661 | INFO     | __main__:monitor_positions:280 - Posições inseridas: 0
2025-05-18 11:00:22.661 | INFO     | __main__:monitor_positions:281 - Pilotos rastreados: 0
2025-05-18 11:00:22.661 | INFO     | __main__:monitor_positions:284 - Tamanho do arquivo: 10889.9 KB
2025-05-18 11:00:22.662 | INFO     | __main__:monitor_positions:285 - Posição atual: 10889.9 KB (100.0%)
2025-05-18 11:01:22.727 | INFO     | __main__:monitor_positions:276 - === Relatório de Progresso ===
2025-05-18 11:01:22.727 | INFO     | __main__:monitor_positions:277 - Tempo em execução: 2469.7s
2025-05-18 11:01:22.728 | INFO     | __main__:monitor_positions:278 - Linhas processadas: 45776
2025-05-18 11:01:22.728 | INFO     | __main__:monitor_positions:279 - Posições encontradas: 0
2025-05-18 11:01:22.729 | INFO     | __main__:monitor_positions:280 - Posições inseridas: 0
2025-05-18 11:01:22.729 | INFO     | __main__:monitor_positions:281 - Pilotos rastreados: 0
2025-05-18 11:01:22.730 | INFO     | __main__:monitor_positions:284 - Tamanho do arquivo: 11146.4 KB
2025-05-18 11:01:22.730 | INFO     | __main__:monitor_positions:285 - Posição atual: 11146.4 KB (100.0%)
2025-05-18 11:02:23.190 | INFO     | __main__:monitor_positions:276 - === Relatório de Progresso ===
2025-05-18 11:02:23.191 | INFO     | __main__:monitor_positions:277 - Tempo em execução: 2530.2s
2025-05-18 11:02:23.191 | INFO     | __main__:monitor_positions:278 - Linhas processadas: 46852
2025-05-18 11:02:23.192 | INFO     | __main__:monitor_positions:279 - Posições encontradas: 0
2025-05-18 11:02:23.192 | INFO     | __main__:monitor_positions:280 - Posições inseridas: 0
2025-05-18 11:02:23.193 | INFO     | __main__:monitor_positions:281 - Pilotos rastreados: 0
2025-05-18 11:02:23.193 | INFO     | __main__:monitor_positions:284 - Tamanho do arquivo: 11410.5 KB
2025-05-18 11:02:23.194 | INFO     | __main__:monitor_positions:285 - Posição atual: 11410.5 KB (100.0%)
2025-05-18 11:03:23.249 | INFO     | __main__:monitor_positions:276 - === Relatório de Progresso ===
2025-05-18 11:03:23.251 | INFO     | __main__:monitor_positions:277 - Tempo em execução: 2590.2s
2025-05-18 11:03:23.252 | INFO     | __main__:monitor_positions:278 - Linhas processadas: 47903
2025-05-18 11:03:23.254 | INFO     | __main__:monitor_positions:279 - Posições encontradas: 0
2025-05-18 11:03:23.256 | INFO     | __main__:monitor_positions:280 - Posições inseridas: 0
2025-05-18 11:03:23.258 | INFO     | __main__:monitor_positions:281 - Pilotos rastreados: 0
2025-05-18 11:03:23.261 | INFO     | __main__:monitor_positions:284 - Tamanho do arquivo: 11667.7 KB
2025-05-18 11:03:23.262 | INFO     | __main__:monitor_positions:285 - Posição atual: 11667.7 KB (100.0%)
2025-05-18 11:04:23.614 | INFO     | __main__:monitor_positions:276 - === Relatório de Progresso ===
2025-05-18 11:04:23.615 | INFO     | __main__:monitor_positions:277 - Tempo em execução: 2650.6s
2025-05-18 11:04:23.615 | INFO     | __main__:monitor_positions:278 - Linhas processadas: 48983
2025-05-18 11:04:23.616 | INFO     | __main__:monitor_positions:279 - Posições encontradas: 0
2025-05-18 11:04:23.616 | INFO     | __main__:monitor_positions:280 - Posições inseridas: 0
2025-05-18 11:04:23.617 | INFO     | __main__:monitor_positions:281 - Pilotos rastreados: 0
2025-05-18 11:04:23.618 | INFO     | __main__:monitor_positions:284 - Tamanho do arquivo: 11925.1 KB
2025-05-18 11:04:23.618 | INFO     | __main__:monitor_positions:285 - Posição atual: 11925.1 KB (100.0%)
2025-05-18 11:05:24.063 | INFO     | __main__:monitor_positions:276 - === Relatório de Progresso ===
2025-05-18 11:05:24.063 | INFO     | __main__:monitor_positions:277 - Tempo em execução: 2711.0s
2025-05-18 11:05:24.063 | INFO     | __main__:monitor_positions:278 - Linhas processadas: 50064
2025-05-18 11:05:24.065 | INFO     | __main__:monitor_positions:279 - Posições encontradas: 0
2025-05-18 11:05:24.065 | INFO     | __main__:monitor_positions:280 - Posições inseridas: 0
2025-05-18 11:05:24.066 | INFO     | __main__:monitor_positions:281 - Pilotos rastreados: 0
2025-05-18 11:05:24.066 | INFO     | __main__:monitor_positions:284 - Tamanho do arquivo: 12187.5 KB
2025-05-18 11:05:24.066 | INFO     | __main__:monitor_positions:285 - Posição atual: 12187.5 KB (100.0%)
2025-05-18 11:06:24.547 | INFO     | __main__:monitor_positions:276 - === Relatório de Progresso ===
2025-05-18 11:06:24.548 | INFO     | __main__:monitor_positions:277 - Tempo em execução: 2771.5s
2025-05-18 11:06:24.548 | INFO     | __main__:monitor_positions:278 - Linhas processadas: 51117
2025-05-18 11:06:24.549 | INFO     | __main__:monitor_positions:279 - Posições encontradas: 0
2025-05-18 11:06:24.550 | INFO     | __main__:monitor_positions:280 - Posições inseridas: 0
2025-05-18 11:06:24.551 | INFO     | __main__:monitor_positions:281 - Pilotos rastreados: 0
2025-05-18 11:06:24.551 | INFO     | __main__:monitor_positions:284 - Tamanho do arquivo: 12443.3 KB
2025-05-18 11:06:24.552 | INFO     | __main__:monitor_positions:285 - Posição atual: 12443.3 KB (100.0%)
2025-05-18 11:07:24.977 | INFO     | __main__:monitor_positions:276 - === Relatório de Progresso ===
2025-05-18 11:07:24.977 | INFO     | __main__:monitor_positions:277 - Tempo em execução: 2831.9s
2025-05-18 11:07:24.979 | INFO     | __main__:monitor_positions:278 - Linhas processadas: 51911
2025-05-18 11:07:24.980 | INFO     | __main__:monitor_positions:279 - Posições encontradas: 0
2025-05-18 11:07:24.980 | INFO     | __main__:monitor_positions:280 - Posições inseridas: 0
2025-05-18 11:07:24.981 | INFO     | __main__:monitor_positions:281 - Pilotos rastreados: 0
2025-05-18 11:07:24.981 | INFO     | __main__:monitor_positions:284 - Tamanho do arquivo: 12668.9 KB
2025-05-18 11:07:24.981 | INFO     | __main__:monitor_positions:285 - Posição atual: 12668.9 KB (100.0%)
2025-05-18 11:08:24.999 | INFO     | __main__:monitor_positions:276 - === Relatório de Progresso ===
2025-05-18 11:08:25.001 | INFO     | __main__:monitor_positions:277 - Tempo em execução: 2892.0s
2025-05-18 11:08:25.002 | INFO     | __main__:monitor_positions:278 - Linhas processadas: 52680
2025-05-18 11:08:25.003 | INFO     | __main__:monitor_positions:279 - Posições encontradas: 0
2025-05-18 11:08:25.004 | INFO     | __main__:monitor_positions:280 - Posições inseridas: 0
2025-05-18 11:08:25.004 | INFO     | __main__:monitor_positions:281 - Pilotos rastreados: 0
2025-05-18 11:08:25.005 | INFO     | __main__:monitor_positions:284 - Tamanho do arquivo: 12891.6 KB
2025-05-18 11:08:25.006 | INFO     | __main__:monitor_positions:285 - Posição atual: 12891.6 KB (100.0%)
2025-05-18 11:09:25.115 | INFO     | __main__:monitor_positions:276 - === Relatório de Progresso ===
2025-05-18 11:09:25.115 | INFO     | __main__:monitor_positions:277 - Tempo em execução: 2952.1s
2025-05-18 11:09:25.116 | INFO     | __main__:monitor_positions:278 - Linhas processadas: 53411
2025-05-18 11:09:25.116 | INFO     | __main__:monitor_positions:279 - Posições encontradas: 0
2025-05-18 11:09:25.117 | INFO     | __main__:monitor_positions:280 - Posições inseridas: 0
2025-05-18 11:09:25.117 | INFO     | __main__:monitor_positions:281 - Pilotos rastreados: 0
2025-05-18 11:09:25.118 | INFO     | __main__:monitor_positions:284 - Tamanho do arquivo: 13109.5 KB
2025-05-18 11:09:25.119 | INFO     | __main__:monitor_positions:285 - Posição atual: 13109.5 KB (100.0%)
2025-05-18 11:10:25.238 | INFO     | __main__:monitor_positions:276 - === Relatório de Progresso ===
2025-05-18 11:10:25.239 | INFO     | __main__:monitor_positions:277 - Tempo em execução: 3012.2s
2025-05-18 11:10:25.239 | INFO     | __main__:monitor_positions:278 - Linhas processadas: 54220
2025-05-18 11:10:25.240 | INFO     | __main__:monitor_positions:279 - Posições encontradas: 0
2025-05-18 11:10:25.240 | INFO     | __main__:monitor_positions:280 - Posições inseridas: 0
2025-05-18 11:10:25.240 | INFO     | __main__:monitor_positions:281 - Pilotos rastreados: 0
2025-05-18 11:10:25.241 | INFO     | __main__:monitor_positions:284 - Tamanho do arquivo: 13340.0 KB
2025-05-18 11:10:25.241 | INFO     | __main__:monitor_positions:285 - Posição atual: 13340.0 KB (100.0%)
2025-05-18 11:11:25.719 | INFO     | __main__:monitor_positions:276 - === Relatório de Progresso ===
2025-05-18 11:11:25.720 | INFO     | __main__:monitor_positions:277 - Tempo em execução: 3072.7s
2025-05-18 11:11:25.720 | INFO     | __main__:monitor_positions:278 - Linhas processadas: 55041
2025-05-18 11:11:25.721 | INFO     | __main__:monitor_positions:279 - Posições encontradas: 0
2025-05-18 11:11:25.721 | INFO     | __main__:monitor_positions:280 - Posições inseridas: 0
2025-05-18 11:11:25.721 | INFO     | __main__:monitor_positions:281 - Pilotos rastreados: 0
2025-05-18 11:11:25.722 | INFO     | __main__:monitor_positions:284 - Tamanho do arquivo: 13570.5 KB
2025-05-18 11:11:25.722 | INFO     | __main__:monitor_positions:285 - Posição atual: 13570.5 KB (100.0%)
2025-05-18 11:12:25.961 | INFO     | __main__:monitor_positions:276 - === Relatório de Progresso ===
2025-05-18 11:12:25.962 | INFO     | __main__:monitor_positions:277 - Tempo em execução: 3132.9s
2025-05-18 11:12:25.962 | INFO     | __main__:monitor_positions:278 - Linhas processadas: 55908
2025-05-18 11:12:25.963 | INFO     | __main__:monitor_positions:279 - Posições encontradas: 0
2025-05-18 11:12:25.963 | INFO     | __main__:monitor_positions:280 - Posições inseridas: 0
2025-05-18 11:12:25.963 | INFO     | __main__:monitor_positions:281 - Pilotos rastreados: 0
2025-05-18 11:12:25.965 | INFO     | __main__:monitor_positions:284 - Tamanho do arquivo: 13806.5 KB
2025-05-18 11:12:25.965 | INFO     | __main__:monitor_positions:285 - Posição atual: 13806.5 KB (100.0%)
2025-05-18 11:13:26.197 | INFO     | __main__:monitor_positions:276 - === Relatório de Progresso ===
2025-05-18 11:13:26.198 | INFO     | __main__:monitor_positions:277 - Tempo em execução: 3193.2s
2025-05-18 11:13:26.198 | INFO     | __main__:monitor_positions:278 - Linhas processadas: 56664
2025-05-18 11:13:26.199 | INFO     | __main__:monitor_positions:279 - Posições encontradas: 0
2025-05-18 11:13:26.199 | INFO     | __main__:monitor_positions:280 - Posições inseridas: 0
2025-05-18 11:13:26.200 | INFO     | __main__:monitor_positions:281 - Pilotos rastreados: 0
2025-05-18 11:13:26.200 | INFO     | __main__:monitor_positions:284 - Tamanho do arquivo: 14027.6 KB
2025-05-18 11:13:26.201 | INFO     | __main__:monitor_positions:285 - Posição atual: 14027.6 KB (100.0%)
2025-05-18 11:14:26.414 | INFO     | __main__:monitor_positions:276 - === Relatório de Progresso ===
2025-05-18 11:14:26.420 | INFO     | __main__:monitor_positions:277 - Tempo em execução: 3253.4s
2025-05-18 11:14:26.430 | INFO     | __main__:monitor_positions:278 - Linhas processadas: 57458
2025-05-18 11:14:26.432 | INFO     | __main__:monitor_positions:279 - Posições encontradas: 0
2025-05-18 11:14:26.434 | INFO     | __main__:monitor_positions:280 - Posições inseridas: 0
2025-05-18 11:14:26.446 | INFO     | __main__:monitor_positions:281 - Pilotos rastreados: 0
2025-05-18 11:14:26.446 | INFO     | __main__:monitor_positions:284 - Tamanho do arquivo: 14255.8 KB
2025-05-18 11:14:26.447 | INFO     | __main__:monitor_positions:285 - Posição atual: 14255.8 KB (100.0%)
2025-05-18 11:15:26.489 | INFO     | __main__:monitor_positions:276 - === Relatório de Progresso ===
2025-05-18 11:15:26.490 | INFO     | __main__:monitor_positions:277 - Tempo em execução: 3313.5s
2025-05-18 11:15:26.490 | INFO     | __main__:monitor_positions:278 - Linhas processadas: 58087
2025-05-18 11:15:26.491 | INFO     | __main__:monitor_positions:279 - Posições encontradas: 0
2025-05-18 11:15:26.492 | INFO     | __main__:monitor_positions:280 - Posições inseridas: 0
2025-05-18 11:15:26.492 | INFO     | __main__:monitor_positions:281 - Pilotos rastreados: 0
2025-05-18 11:15:26.492 | INFO     | __main__:monitor_positions:284 - Tamanho do arquivo: 14460.6 KB
2025-05-18 11:15:26.493 | INFO     | __main__:monitor_positions:285 - Posição atual: 14460.6 KB (100.0%)
2025-05-18 11:16:26.783 | INFO     | __main__:monitor_positions:276 - === Relatório de Progresso ===
2025-05-18 11:16:26.785 | INFO     | __main__:monitor_positions:277 - Tempo em execução: 3373.8s
2025-05-18 11:16:26.785 | INFO     | __main__:monitor_positions:278 - Linhas processadas: 58807
2025-05-18 11:16:26.785 | INFO     | __main__:monitor_positions:279 - Posições encontradas: 0
2025-05-18 11:16:26.786 | INFO     | __main__:monitor_positions:280 - Posições inseridas: 0
2025-05-18 11:16:26.787 | INFO     | __main__:monitor_positions:281 - Pilotos rastreados: 0
2025-05-18 11:16:26.787 | INFO     | __main__:monitor_positions:284 - Tamanho do arquivo: 14679.0 KB
2025-05-18 11:16:26.788 | INFO     | __main__:monitor_positions:285 - Posição atual: 14679.0 KB (100.0%)
2025-05-18 11:17:27.021 | INFO     | __main__:monitor_positions:276 - === Relatório de Progresso ===
2025-05-18 11:17:27.021 | INFO     | __main__:monitor_positions:277 - Tempo em execução: 3434.0s
2025-05-18 11:17:27.022 | INFO     | __main__:monitor_positions:278 - Linhas processadas: 59452
2025-05-18 11:17:27.022 | INFO     | __main__:monitor_positions:279 - Posições encontradas: 0
2025-05-18 11:17:27.023 | INFO     | __main__:monitor_positions:280 - Posições inseridas: 0
2025-05-18 11:17:27.023 | INFO     | __main__:monitor_positions:281 - Pilotos rastreados: 0
2025-05-18 11:17:27.023 | INFO     | __main__:monitor_positions:284 - Tamanho do arquivo: 14883.4 KB
2025-05-18 11:17:27.024 | INFO     | __main__:monitor_positions:285 - Posição atual: 14883.4 KB (100.0%)
2025-05-18 11:18:27.069 | INFO     | __main__:monitor_positions:276 - === Relatório de Progresso ===
2025-05-18 11:18:27.070 | INFO     | __main__:monitor_positions:277 - Tempo em execução: 3494.0s
2025-05-18 11:18:27.070 | INFO     | __main__:monitor_positions:278 - Linhas processadas: 60237
2025-05-18 11:18:27.070 | INFO     | __main__:monitor_positions:279 - Posições encontradas: 0
2025-05-18 11:18:27.071 | INFO     | __main__:monitor_positions:280 - Posições inseridas: 0
2025-05-18 11:18:27.071 | INFO     | __main__:monitor_positions:281 - Pilotos rastreados: 0
2025-05-18 11:18:27.072 | INFO     | __main__:monitor_positions:284 - Tamanho do arquivo: 15108.6 KB
2025-05-18 11:18:27.072 | INFO     | __main__:monitor_positions:285 - Posição atual: 15108.6 KB (100.0%)
2025-05-18 11:19:27.084 | INFO     | __main__:monitor_positions:276 - === Relatório de Progresso ===
2025-05-18 11:19:27.084 | INFO     | __main__:monitor_positions:277 - Tempo em execução: 3554.1s
2025-05-18 11:19:27.084 | INFO     | __main__:monitor_positions:278 - Linhas processadas: 60929
2025-05-18 11:19:27.085 | INFO     | __main__:monitor_positions:279 - Posições encontradas: 0
2025-05-18 11:19:27.085 | INFO     | __main__:monitor_positions:280 - Posições inseridas: 0
2025-05-18 11:19:27.086 | INFO     | __main__:monitor_positions:281 - Pilotos rastreados: 0
2025-05-18 11:19:27.086 | INFO     | __main__:monitor_positions:284 - Tamanho do arquivo: 15318.1 KB
2025-05-18 11:19:27.086 | INFO     | __main__:monitor_positions:285 - Posição atual: 15318.1 KB (100.0%)
2025-05-18 11:20:27.407 | INFO     | __main__:monitor_positions:276 - === Relatório de Progresso ===
2025-05-18 11:20:27.411 | INFO     | __main__:monitor_positions:277 - Tempo em execução: 3614.4s
2025-05-18 11:20:27.412 | INFO     | __main__:monitor_positions:278 - Linhas processadas: 61718
2025-05-18 11:20:27.413 | INFO     | __main__:monitor_positions:279 - Posições encontradas: 0
2025-05-18 11:20:27.414 | INFO     | __main__:monitor_positions:280 - Posições inseridas: 0
2025-05-18 11:20:27.414 | INFO     | __main__:monitor_positions:281 - Pilotos rastreados: 0
2025-05-18 11:20:27.415 | INFO     | __main__:monitor_positions:284 - Tamanho do arquivo: 15549.8 KB
2025-05-18 11:20:27.415 | INFO     | __main__:monitor_positions:285 - Posição atual: 15549.8 KB (100.0%)
2025-05-18 11:21:27.747 | INFO     | __main__:monitor_positions:276 - === Relatório de Progresso ===
2025-05-18 11:21:27.749 | INFO     | __main__:monitor_positions:277 - Tempo em execução: 3674.7s
2025-05-18 11:21:27.751 | INFO     | __main__:monitor_positions:278 - Linhas processadas: 62416
2025-05-18 11:21:27.752 | INFO     | __main__:monitor_positions:279 - Posições encontradas: 0
2025-05-18 11:21:27.753 | INFO     | __main__:monitor_positions:280 - Posições inseridas: 0
2025-05-18 11:21:27.753 | INFO     | __main__:monitor_positions:281 - Pilotos rastreados: 0
2025-05-18 11:21:27.754 | INFO     | __main__:monitor_positions:284 - Tamanho do arquivo: 15765.5 KB
2025-05-18 11:21:27.754 | INFO     | __main__:monitor_positions:285 - Posição atual: 15765.5 KB (100.0%)
2025-05-18 11:22:27.893 | INFO     | __main__:monitor_positions:276 - === Relatório de Progresso ===
2025-05-18 11:22:27.916 | INFO     | __main__:monitor_positions:277 - Tempo em execução: 3734.9s
2025-05-18 11:22:27.917 | INFO     | __main__:monitor_positions:278 - Linhas processadas: 63205
2025-05-18 11:22:27.917 | INFO     | __main__:monitor_positions:279 - Posições encontradas: 0
2025-05-18 11:22:27.918 | INFO     | __main__:monitor_positions:280 - Posições inseridas: 0
2025-05-18 11:22:27.918 | INFO     | __main__:monitor_positions:281 - Pilotos rastreados: 0
2025-05-18 11:22:27.919 | INFO     | __main__:monitor_positions:284 - Tamanho do arquivo: 15985.2 KB
2025-05-18 11:22:27.919 | INFO     | __main__:monitor_positions:285 - Posição atual: 15985.2 KB (100.0%)
2025-05-18 11:23:28.167 | INFO     | __main__:monitor_positions:276 - === Relatório de Progresso ===
2025-05-18 11:23:28.168 | INFO     | __main__:monitor_positions:277 - Tempo em execução: 3795.1s
2025-05-18 11:23:28.169 | INFO     | __main__:monitor_positions:278 - Linhas processadas: 64207
2025-05-18 11:23:28.169 | INFO     | __main__:monitor_positions:279 - Posições encontradas: 0
2025-05-18 11:23:28.170 | INFO     | __main__:monitor_positions:280 - Posições inseridas: 0
2025-05-18 11:23:28.170 | INFO     | __main__:monitor_positions:281 - Pilotos rastreados: 0
2025-05-18 11:23:28.171 | INFO     | __main__:monitor_positions:284 - Tamanho do arquivo: 16231.1 KB
2025-05-18 11:23:28.171 | INFO     | __main__:monitor_positions:285 - Posição atual: 16231.1 KB (100.0%)
2025-05-18 11:24:28.527 | INFO     | __main__:monitor_positions:276 - === Relatório de Progresso ===
2025-05-18 11:24:28.528 | INFO     | __main__:monitor_positions:277 - Tempo em execução: 3855.5s
2025-05-18 11:24:28.529 | INFO     | __main__:monitor_positions:278 - Linhas processadas: 65197
2025-05-18 11:24:28.529 | INFO     | __main__:monitor_positions:279 - Posições encontradas: 0
2025-05-18 11:24:28.529 | INFO     | __main__:monitor_positions:280 - Posições inseridas: 0
2025-05-18 11:24:28.530 | INFO     | __main__:monitor_positions:281 - Pilotos rastreados: 0
2025-05-18 11:24:28.531 | INFO     | __main__:monitor_positions:284 - Tamanho do arquivo: 16478.2 KB
2025-05-18 11:24:28.531 | INFO     | __main__:monitor_positions:285 - Posição atual: 16478.2 KB (100.0%)
2025-05-18 11:25:28.751 | INFO     | __main__:monitor_positions:276 - === Relatório de Progresso ===
2025-05-18 11:25:28.753 | INFO     | __main__:monitor_positions:277 - Tempo em execução: 3915.7s
2025-05-18 11:25:28.754 | INFO     | __main__:monitor_positions:278 - Linhas processadas: 66212
2025-05-18 11:25:28.755 | INFO     | __main__:monitor_positions:279 - Posições encontradas: 0
2025-05-18 11:25:28.756 | INFO     | __main__:monitor_positions:280 - Posições inseridas: 0
2025-05-18 11:25:28.756 | INFO     | __main__:monitor_positions:281 - Pilotos rastreados: 0
2025-05-18 11:25:28.757 | INFO     | __main__:monitor_positions:284 - Tamanho do arquivo: 16729.2 KB
2025-05-18 11:25:28.757 | INFO     | __main__:monitor_positions:285 - Posição atual: 16729.2 KB (100.0%)
2025-05-18 11:26:29.031 | INFO     | __main__:monitor_positions:276 - === Relatório de Progresso ===
2025-05-18 11:26:29.032 | INFO     | __main__:monitor_positions:277 - Tempo em execução: 3976.0s
2025-05-18 11:26:29.032 | INFO     | __main__:monitor_positions:278 - Linhas processadas: 67285
2025-05-18 11:26:29.033 | INFO     | __main__:monitor_positions:279 - Posições encontradas: 0
2025-05-18 11:26:29.033 | INFO     | __main__:monitor_positions:280 - Posições inseridas: 0
2025-05-18 11:26:29.034 | INFO     | __main__:monitor_positions:281 - Pilotos rastreados: 0
2025-05-18 11:26:29.034 | INFO     | __main__:monitor_positions:284 - Tamanho do arquivo: 16985.4 KB
2025-05-18 11:26:29.035 | INFO     | __main__:monitor_positions:285 - Posição atual: 16985.4 KB (100.0%)
2025-05-18 11:27:29.292 | INFO     | __main__:monitor_positions:276 - === Relatório de Progresso ===
2025-05-18 11:27:29.295 | INFO     | __main__:monitor_positions:277 - Tempo em execução: 4036.3s
2025-05-18 11:27:29.296 | INFO     | __main__:monitor_positions:278 - Linhas processadas: 68299
2025-05-18 11:27:29.298 | INFO     | __main__:monitor_positions:279 - Posições encontradas: 0
2025-05-18 11:27:29.299 | INFO     | __main__:monitor_positions:280 - Posições inseridas: 0
2025-05-18 11:27:29.301 | INFO     | __main__:monitor_positions:281 - Pilotos rastreados: 0
2025-05-18 11:27:29.306 | INFO     | __main__:monitor_positions:284 - Tamanho do arquivo: 17228.9 KB
2025-05-18 11:27:29.308 | INFO     | __main__:monitor_positions:285 - Posição atual: 17228.9 KB (100.0%)
2025-05-18 11:28:29.621 | INFO     | __main__:monitor_positions:276 - === Relatório de Progresso ===
2025-05-18 11:28:29.622 | INFO     | __main__:monitor_positions:277 - Tempo em execução: 4096.6s
2025-05-18 11:28:29.623 | INFO     | __main__:monitor_positions:278 - Linhas processadas: 69292
2025-05-18 11:28:29.624 | INFO     | __main__:monitor_positions:279 - Posições encontradas: 0
2025-05-18 11:28:29.627 | INFO     | __main__:monitor_positions:280 - Posições inseridas: 0
2025-05-18 11:28:29.628 | INFO     | __main__:monitor_positions:281 - Pilotos rastreados: 0
2025-05-18 11:28:29.630 | INFO     | __main__:monitor_positions:284 - Tamanho do arquivo: 17474.2 KB
2025-05-18 11:28:29.630 | INFO     | __main__:monitor_positions:285 - Posição atual: 17474.2 KB (100.0%)
2025-05-18 11:29:29.865 | INFO     | __main__:monitor_positions:276 - === Relatório de Progresso ===
2025-05-18 11:29:29.866 | INFO     | __main__:monitor_positions:277 - Tempo em execução: 4156.8s
2025-05-18 11:29:29.866 | INFO     | __main__:monitor_positions:278 - Linhas processadas: 70311
2025-05-18 11:29:29.867 | INFO     | __main__:monitor_positions:279 - Posições encontradas: 0
2025-05-18 11:29:29.870 | INFO     | __main__:monitor_positions:280 - Posições inseridas: 0
2025-05-18 11:29:29.873 | INFO     | __main__:monitor_positions:281 - Pilotos rastreados: 0
2025-05-18 11:29:29.879 | INFO     | __main__:monitor_positions:284 - Tamanho do arquivo: 17725.6 KB
2025-05-18 11:29:29.889 | INFO     | __main__:monitor_positions:285 - Posição atual: 17725.6 KB (100.0%)
2025-05-18 11:30:30.300 | INFO     | __main__:monitor_positions:276 - === Relatório de Progresso ===
2025-05-18 11:30:30.301 | INFO     | __main__:monitor_positions:277 - Tempo em execução: 4217.3s
2025-05-18 11:30:30.301 | INFO     | __main__:monitor_positions:278 - Linhas processadas: 71396
2025-05-18 11:30:30.302 | INFO     | __main__:monitor_positions:279 - Posições encontradas: 0
2025-05-18 11:30:30.302 | INFO     | __main__:monitor_positions:280 - Posições inseridas: 0
2025-05-18 11:30:30.303 | INFO     | __main__:monitor_positions:281 - Pilotos rastreados: 0
2025-05-18 11:30:30.303 | INFO     | __main__:monitor_positions:284 - Tamanho do arquivo: 17980.6 KB
2025-05-18 11:30:30.304 | INFO     | __main__:monitor_positions:285 - Posição atual: 17980.6 KB (100.0%)
2025-05-18 11:31:30.634 | INFO     | __main__:monitor_positions:276 - === Relatório de Progresso ===
2025-05-18 11:31:30.635 | INFO     | __main__:monitor_positions:277 - Tempo em execução: 4277.6s
2025-05-18 11:31:30.636 | INFO     | __main__:monitor_positions:278 - Linhas processadas: 72424
2025-05-18 11:31:30.640 | INFO     | __main__:monitor_positions:279 - Posições encontradas: 0
2025-05-18 11:31:30.641 | INFO     | __main__:monitor_positions:280 - Posições inseridas: 0
2025-05-18 11:31:30.642 | INFO     | __main__:monitor_positions:281 - Pilotos rastreados: 0
2025-05-18 11:31:30.642 | INFO     | __main__:monitor_positions:284 - Tamanho do arquivo: 18225.7 KB
2025-05-18 11:31:30.643 | INFO     | __main__:monitor_positions:285 - Posição atual: 18225.7 KB (100.0%)
2025-05-18 11:32:31.058 | INFO     | __main__:monitor_positions:276 - === Relatório de Progresso ===
2025-05-18 11:32:31.059 | INFO     | __main__:monitor_positions:277 - Tempo em execução: 4338.0s
2025-05-18 11:32:31.059 | INFO     | __main__:monitor_positions:278 - Linhas processadas: 73411
2025-05-18 11:32:31.060 | INFO     | __main__:monitor_positions:279 - Posições encontradas: 0
2025-05-18 11:32:31.060 | INFO     | __main__:monitor_positions:280 - Posições inseridas: 0
2025-05-18 11:32:31.061 | INFO     | __main__:monitor_positions:281 - Pilotos rastreados: 0
2025-05-18 11:32:31.062 | INFO     | __main__:monitor_positions:284 - Tamanho do arquivo: 18470.9 KB
2025-05-18 11:32:31.062 | INFO     | __main__:monitor_positions:285 - Posição atual: 18470.9 KB (100.0%)
2025-05-18 11:33:31.177 | INFO     | __main__:monitor_positions:276 - === Relatório de Progresso ===
2025-05-18 11:33:31.177 | INFO     | __main__:monitor_positions:277 - Tempo em execução: 4398.1s
2025-05-18 11:33:31.178 | INFO     | __main__:monitor_positions:278 - Linhas processadas: 74417
2025-05-18 11:33:31.178 | INFO     | __main__:monitor_positions:279 - Posições encontradas: 0
2025-05-18 11:33:31.178 | INFO     | __main__:monitor_positions:280 - Posições inseridas: 0
2025-05-18 11:33:31.179 | INFO     | __main__:monitor_positions:281 - Pilotos rastreados: 0
2025-05-18 11:33:31.179 | INFO     | __main__:monitor_positions:284 - Tamanho do arquivo: 18722.4 KB
2025-05-18 11:33:31.179 | INFO     | __main__:monitor_positions:285 - Posição atual: 18722.4 KB (100.0%)
2025-05-18 11:34:31.270 | INFO     | __main__:monitor_positions:276 - === Relatório de Progresso ===
2025-05-18 11:34:31.271 | INFO     | __main__:monitor_positions:277 - Tempo em execução: 4458.2s
2025-05-18 11:34:31.271 | INFO     | __main__:monitor_positions:278 - Linhas processadas: 75484
2025-05-18 11:34:31.272 | INFO     | __main__:monitor_positions:279 - Posições encontradas: 0
2025-05-18 11:34:31.272 | INFO     | __main__:monitor_positions:280 - Posições inseridas: 0
2025-05-18 11:34:31.273 | INFO     | __main__:monitor_positions:281 - Pilotos rastreados: 0
2025-05-18 11:34:31.273 | INFO     | __main__:monitor_positions:284 - Tamanho do arquivo: 18976.9 KB
2025-05-18 11:34:31.273 | INFO     | __main__:monitor_positions:285 - Posição atual: 18976.9 KB (100.0%)
2025-05-18 11:35:31.278 | INFO     | __main__:monitor_positions:276 - === Relatório de Progresso ===
2025-05-18 11:35:31.279 | INFO     | __main__:monitor_positions:277 - Tempo em execução: 4518.2s
2025-05-18 11:35:31.279 | INFO     | __main__:monitor_positions:278 - Linhas processadas: 76483
2025-05-18 11:35:31.280 | INFO     | __main__:monitor_positions:279 - Posições encontradas: 0
2025-05-18 11:35:31.280 | INFO     | __main__:monitor_positions:280 - Posições inseridas: 0
2025-05-18 11:35:31.281 | INFO     | __main__:monitor_positions:281 - Pilotos rastreados: 0
2025-05-18 11:35:31.281 | INFO     | __main__:monitor_positions:284 - Tamanho do arquivo: 19219.6 KB
2025-05-18 11:35:31.281 | INFO     | __main__:monitor_positions:285 - Posição atual: 19219.6 KB (100.0%)
2025-05-18 11:36:31.627 | INFO     | __main__:monitor_positions:276 - === Relatório de Progresso ===
2025-05-18 11:36:31.647 | INFO     | __main__:monitor_positions:277 - Tempo em execução: 4578.6s
2025-05-18 11:36:31.672 | INFO     | __main__:monitor_positions:278 - Linhas processadas: 76829
2025-05-18 11:36:31.725 | INFO     | __main__:monitor_positions:279 - Posições encontradas: 0
2025-05-18 11:36:31.742 | INFO     | __main__:monitor_positions:280 - Posições inseridas: 0
2025-05-18 11:36:31.761 | INFO     | __main__:monitor_positions:281 - Pilotos rastreados: 0
2025-05-18 11:36:31.765 | INFO     | __main__:monitor_positions:284 - Tamanho do arquivo: 19383.0 KB
2025-05-18 11:36:31.766 | INFO     | __main__:monitor_positions:285 - Posição atual: 19383.0 KB (100.0%)
2025-05-18 11:37:31.923 | INFO     | __main__:monitor_positions:276 - === Relatório de Progresso ===
2025-05-18 11:37:31.924 | INFO     | __main__:monitor_positions:277 - Tempo em execução: 4638.9s
2025-05-18 11:37:31.925 | INFO     | __main__:monitor_positions:278 - Linhas processadas: 77102
2025-05-18 11:37:31.925 | INFO     | __main__:monitor_positions:279 - Posições encontradas: 0
2025-05-18 11:37:31.926 | INFO     | __main__:monitor_positions:280 - Posições inseridas: 0
2025-05-18 11:37:31.926 | INFO     | __main__:monitor_positions:281 - Pilotos rastreados: 0
2025-05-18 11:37:31.927 | INFO     | __main__:monitor_positions:284 - Tamanho do arquivo: 19534.3 KB
2025-05-18 11:37:31.927 | INFO     | __main__:monitor_positions:285 - Posição atual: 19534.3 KB (100.0%)
2025-05-18 11:38:32.347 | INFO     | __main__:monitor_positions:276 - === Relatório de Progresso ===
2025-05-18 11:38:32.349 | INFO     | __main__:monitor_positions:277 - Tempo em execução: 4699.3s
2025-05-18 11:38:32.350 | INFO     | __main__:monitor_positions:278 - Linhas processadas: 77126
2025-05-18 11:38:32.350 | INFO     | __main__:monitor_positions:279 - Posições encontradas: 0
2025-05-18 11:38:32.351 | INFO     | __main__:monitor_positions:280 - Posições inseridas: 0
2025-05-18 11:38:32.352 | INFO     | __main__:monitor_positions:281 - Pilotos rastreados: 0
2025-05-18 11:38:32.352 | INFO     | __main__:monitor_positions:284 - Tamanho do arquivo: 19546.1 KB
2025-05-18 11:38:32.352 | INFO     | __main__:monitor_positions:285 - Posição atual: 19546.1 KB (100.0%)
2025-05-18 11:39:32.734 | INFO     | __main__:monitor_positions:276 - === Relatório de Progresso ===
2025-05-18 11:39:32.734 | INFO     | __main__:monitor_positions:277 - Tempo em execução: 4759.7s
2025-05-18 11:39:32.734 | INFO     | __main__:monitor_positions:278 - Linhas processadas: 77126
2025-05-18 11:39:32.735 | INFO     | __main__:monitor_positions:279 - Posições encontradas: 0
2025-05-18 11:39:32.735 | INFO     | __main__:monitor_positions:280 - Posições inseridas: 0
2025-05-18 11:39:32.736 | INFO     | __main__:monitor_positions:281 - Pilotos rastreados: 0
2025-05-18 11:39:32.736 | INFO     | __main__:monitor_positions:284 - Tamanho do arquivo: 19546.1 KB
2025-05-18 11:39:32.736 | INFO     | __main__:monitor_positions:285 - Posição atual: 19546.1 KB (100.0%)
2025-05-18 11:40:33.087 | INFO     | __main__:monitor_positions:276 - === Relatório de Progresso ===
2025-05-18 11:40:33.087 | INFO     | __main__:monitor_positions:277 - Tempo em execução: 4820.1s
2025-05-18 11:40:33.088 | INFO     | __main__:monitor_positions:278 - Linhas processadas: 77126
2025-05-18 11:40:33.088 | INFO     | __main__:monitor_positions:279 - Posições encontradas: 0
2025-05-18 11:40:33.088 | INFO     | __main__:monitor_positions:280 - Posições inseridas: 0
2025-05-18 11:40:33.089 | INFO     | __main__:monitor_positions:281 - Pilotos rastreados: 0
2025-05-18 11:40:33.089 | INFO     | __main__:monitor_positions:284 - Tamanho do arquivo: 19546.1 KB
2025-05-18 11:40:33.090 | INFO     | __main__:monitor_positions:285 - Posição atual: 19546.1 KB (100.0%)
2025-05-18 11:41:33.419 | INFO     | __main__:monitor_positions:276 - === Relatório de Progresso ===
2025-05-18 11:41:33.420 | INFO     | __main__:monitor_positions:277 - Tempo em execução: 4880.4s
2025-05-18 11:41:33.420 | INFO     | __main__:monitor_positions:278 - Linhas processadas: 77126
2025-05-18 11:41:33.420 | INFO     | __main__:monitor_positions:279 - Posições encontradas: 0
2025-05-18 11:41:33.421 | INFO     | __main__:monitor_positions:280 - Posições inseridas: 0
2025-05-18 11:41:33.421 | INFO     | __main__:monitor_positions:281 - Pilotos rastreados: 0
2025-05-18 11:41:33.421 | INFO     | __main__:monitor_positions:284 - Tamanho do arquivo: 19546.1 KB
2025-05-18 11:41:33.422 | INFO     | __main__:monitor_positions:285 - Posição atual: 19546.1 KB (100.0%)
2025-05-18 11:42:33.795 | INFO     | __main__:monitor_positions:276 - === Relatório de Progresso ===
2025-05-18 11:42:33.796 | INFO     | __main__:monitor_positions:277 - Tempo em execução: 4940.8s
2025-05-18 11:42:33.796 | INFO     | __main__:monitor_positions:278 - Linhas processadas: 77126
2025-05-18 11:42:33.797 | INFO     | __main__:monitor_positions:279 - Posições encontradas: 0
2025-05-18 11:42:33.797 | INFO     | __main__:monitor_positions:280 - Posições inseridas: 0
2025-05-18 11:42:33.798 | INFO     | __main__:monitor_positions:281 - Pilotos rastreados: 0
2025-05-18 11:42:33.799 | INFO     | __main__:monitor_positions:284 - Tamanho do arquivo: 19546.1 KB
2025-05-18 11:42:33.799 | INFO     | __main__:monitor_positions:285 - Posição atual: 19546.1 KB (100.0%)
2025-05-18 11:43:34.045 | INFO     | __main__:monitor_positions:276 - === Relatório de Progresso ===
2025-05-18 11:43:34.046 | INFO     | __main__:monitor_positions:277 - Tempo em execução: 5001.0s
2025-05-18 11:43:34.046 | INFO     | __main__:monitor_positions:278 - Linhas processadas: 77126
2025-05-18 11:43:34.046 | INFO     | __main__:monitor_positions:279 - Posições encontradas: 0
2025-05-18 11:43:34.046 | INFO     | __main__:monitor_positions:280 - Posições inseridas: 0
2025-05-18 11:43:34.047 | INFO     | __main__:monitor_positions:281 - Pilotos rastreados: 0
2025-05-18 11:43:34.047 | INFO     | __main__:monitor_positions:284 - Tamanho do arquivo: 19546.1 KB
2025-05-18 11:43:34.047 | INFO     | __main__:monitor_positions:285 - Posição atual: 19546.1 KB (100.0%)
2025-05-18 11:44:34.418 | INFO     | __main__:monitor_positions:276 - === Relatório de Progresso ===
2025-05-18 11:44:34.419 | INFO     | __main__:monitor_positions:277 - Tempo em execução: 5061.4s
2025-05-18 11:44:34.419 | INFO     | __main__:monitor_positions:278 - Linhas processadas: 77126
2025-05-18 11:44:34.419 | INFO     | __main__:monitor_positions:279 - Posições encontradas: 0
2025-05-18 11:44:34.420 | INFO     | __main__:monitor_positions:280 - Posições inseridas: 0
2025-05-18 11:44:34.420 | INFO     | __main__:monitor_positions:281 - Pilotos rastreados: 0
2025-05-18 11:44:34.420 | INFO     | __main__:monitor_positions:284 - Tamanho do arquivo: 19546.1 KB
2025-05-18 11:44:34.420 | INFO     | __main__:monitor_positions:285 - Posição atual: 19546.1 KB (100.0%)
2025-05-18 11:45:34.749 | INFO     | __main__:monitor_positions:276 - === Relatório de Progresso ===
2025-05-18 11:45:34.751 | INFO     | __main__:monitor_positions:277 - Tempo em execução: 5121.7s
2025-05-18 11:45:34.753 | INFO     | __main__:monitor_positions:278 - Linhas processadas: 77126
2025-05-18 11:45:34.754 | INFO     | __main__:monitor_positions:279 - Posições encontradas: 0
2025-05-18 11:45:34.756 | INFO     | __main__:monitor_positions:280 - Posições inseridas: 0
2025-05-18 11:45:34.758 | INFO     | __main__:monitor_positions:281 - Pilotos rastreados: 0
2025-05-18 11:45:34.759 | INFO     | __main__:monitor_positions:284 - Tamanho do arquivo: 19546.1 KB
2025-05-18 11:45:34.760 | INFO     | __main__:monitor_positions:285 - Posição atual: 19546.1 KB (100.0%)
2025-05-18 11:46:35.085 | INFO     | __main__:monitor_positions:276 - === Relatório de Progresso ===
2025-05-18 11:46:35.085 | INFO     | __main__:monitor_positions:277 - Tempo em execução: 5182.1s
2025-05-18 11:46:35.086 | INFO     | __main__:monitor_positions:278 - Linhas processadas: 77126
2025-05-18 11:46:35.086 | INFO     | __main__:monitor_positions:279 - Posições encontradas: 0
2025-05-18 11:46:35.087 | INFO     | __main__:monitor_positions:280 - Posições inseridas: 0
2025-05-18 11:46:35.087 | INFO     | __main__:monitor_positions:281 - Pilotos rastreados: 0
2025-05-18 11:46:35.087 | INFO     | __main__:monitor_positions:284 - Tamanho do arquivo: 19546.1 KB
2025-05-18 11:46:35.088 | INFO     | __main__:monitor_positions:285 - Posição atual: 19546.1 KB (100.0%)
2025-05-18 11:47:35.445 | INFO     | __main__:monitor_positions:276 - === Relatório de Progresso ===
2025-05-18 11:47:35.446 | INFO     | __main__:monitor_positions:277 - Tempo em execução: 5242.4s
2025-05-18 11:47:35.446 | INFO     | __main__:monitor_positions:278 - Linhas processadas: 77126
2025-05-18 11:47:35.446 | INFO     | __main__:monitor_positions:279 - Posições encontradas: 0
2025-05-18 11:47:35.447 | INFO     | __main__:monitor_positions:280 - Posições inseridas: 0
2025-05-18 11:47:35.447 | INFO     | __main__:monitor_positions:281 - Pilotos rastreados: 0
2025-05-18 11:47:35.447 | INFO     | __main__:monitor_positions:284 - Tamanho do arquivo: 19546.1 KB
2025-05-18 11:47:35.448 | INFO     | __main__:monitor_positions:285 - Posição atual: 19546.1 KB (100.0%)
2025-05-18 11:48:35.755 | INFO     | __main__:monitor_positions:276 - === Relatório de Progresso ===
2025-05-18 11:48:35.756 | INFO     | __main__:monitor_positions:277 - Tempo em execução: 5302.7s
2025-05-18 11:48:35.756 | INFO     | __main__:monitor_positions:278 - Linhas processadas: 77126
2025-05-18 11:48:35.757 | INFO     | __main__:monitor_positions:279 - Posições encontradas: 0
2025-05-18 11:48:35.757 | INFO     | __main__:monitor_positions:280 - Posições inseridas: 0
2025-05-18 11:48:35.758 | INFO     | __main__:monitor_positions:281 - Pilotos rastreados: 0
2025-05-18 11:48:35.758 | INFO     | __main__:monitor_positions:284 - Tamanho do arquivo: 19546.1 KB
2025-05-18 11:48:35.759 | INFO     | __main__:monitor_positions:285 - Posição atual: 19546.1 KB (100.0%)
2025-05-18 11:49:36.123 | INFO     | __main__:monitor_positions:276 - === Relatório de Progresso ===
2025-05-18 11:49:36.123 | INFO     | __main__:monitor_positions:277 - Tempo em execução: 5363.1s
2025-05-18 11:49:36.124 | INFO     | __main__:monitor_positions:278 - Linhas processadas: 77126
2025-05-18 11:49:36.124 | INFO     | __main__:monitor_positions:279 - Posições encontradas: 0
2025-05-18 11:49:36.125 | INFO     | __main__:monitor_positions:280 - Posições inseridas: 0
2025-05-18 11:49:36.125 | INFO     | __main__:monitor_positions:281 - Pilotos rastreados: 0
2025-05-18 11:49:36.126 | INFO     | __main__:monitor_positions:284 - Tamanho do arquivo: 19546.1 KB
2025-05-18 11:49:36.126 | INFO     | __main__:monitor_positions:285 - Posição atual: 19546.1 KB (100.0%)
2025-05-18 11:50:36.527 | INFO     | __main__:monitor_positions:276 - === Relatório de Progresso ===
2025-05-18 11:50:36.528 | INFO     | __main__:monitor_positions:277 - Tempo em execução: 5423.5s
2025-05-18 11:50:36.528 | INFO     | __main__:monitor_positions:278 - Linhas processadas: 77126
2025-05-18 11:50:36.528 | INFO     | __main__:monitor_positions:279 - Posições encontradas: 0
2025-05-18 11:50:36.529 | INFO     | __main__:monitor_positions:280 - Posições inseridas: 0
2025-05-18 11:50:36.529 | INFO     | __main__:monitor_positions:281 - Pilotos rastreados: 0
2025-05-18 11:50:36.530 | INFO     | __main__:monitor_positions:284 - Tamanho do arquivo: 19546.1 KB
2025-05-18 11:50:36.530 | INFO     | __main__:monitor_positions:285 - Posição atual: 19546.1 KB (100.0%)
2025-05-18 11:50:53.426 | INFO     | __main__:handle_shutdown:29 - Sinal de encerramento recebido (2)
2025-05-18 11:50:53.902 | INFO     | __main__:monitor_positions:302 - === Relatório Final ===
2025-05-18 11:50:53.902 | INFO     | __main__:monitor_positions:303 - Tempo total: 5440.9s
2025-05-18 11:50:53.903 | INFO     | __main__:monitor_positions:304 - Linhas processadas: 77126
2025-05-18 11:50:53.903 | INFO     | __main__:monitor_positions:305 - Posições encontradas: 0
2025-05-18 11:50:53.904 | INFO     | __main__:monitor_positions:306 - Posições inseridas: 0
2025-05-18 11:50:53.905 | INFO     | __main__:monitor_positions:307 - Pilotos rastreados: 0
2025-05-18 11:50:53.981 | INFO     | __main__:close:172 - Conexão com o banco de dados fechada
2025-05-18 11:50:53.982 | INFO     | __main__:monitor_positions:316 - Monitoramento encerrado
