2025-05-17 12:49:12.635 | INFO     | __main__:monitor_race_control:218 - Iniciando monitoramento de mensagens de controle para a sessão ID=228
2025-05-17 12:49:12.635 | INFO     | __main__:monitor_race_control:219 - Arquivo de entrada: f1_data.txt
2025-05-17 12:49:13.009 | INFO     | __main__:connect:48 - Conexão com o banco de dados estabelecida para session_id=228
2025-05-17 12:49:13.093 | INFO     | __main__:connect:59 - Colunas encontradas na tabela sessions: ['id', 'race_id', 'key', 'type', 'name', 'start_date', 'end_date', 'gmt_offset', 'path', 'created_at', 'updated_at']
2025-05-17 12:49:13.170 | INFO     | __main__:connect:77 - Sessão encontrada: ID=228, name=Qualifying, type=Qualifying, key=9983
2025-05-17 12:49:13.244 | INFO     | __main__:connect:92 - Encontradas 0 mensagens existentes para a sessão 228
2025-05-17 12:49:13.343 | DEBUG    | __main__:process_race_control:152 - Mensagem inserida: 2025-05-17T14:57:13 - Drs - DRS ENABLED...
2025-05-17 12:49:13.381 | DEBUG    | __main__:process_race_control:152 - Mensagem inserida: 2025-05-17T14:58:00 - Flag - GREEN LIGHT - PIT EXIT OPEN...
2025-05-17 12:49:13.525 | DEBUG    | __main__:process_race_control:152 - Mensagem inserida: 2025-05-17T15:13:00 - Flag - CHEQUERED FLAG...
2025-05-17 12:49:13.564 | DEBUG    | __main__:process_race_control:152 - Mensagem inserida: 2025-05-17T15:13:12 - Other - FIRST CAR TO TAKE THE FLAG - CAR 23 (ALB)...
2025-05-17 12:49:13.625 | DEBUG    | __main__:process_race_control:152 - Mensagem inserida: 2025-05-17T15:16:00 - Other - Q3 WILL START AT 17:21...
2025-05-17 12:49:13.625 | INFO     | __main__:process_race_control:157 - Processadas 5 mensagens de controle de corrida até agora
2025-05-17 12:49:13.664 | DEBUG    | __main__:process_race_control:152 - Mensagem inserida: 2025-05-17T15:17:08 - Flag - YELLOW IN TRACK SECTOR 6...
2025-05-17 12:49:13.702 | DEBUG    | __main__:process_race_control:152 - Mensagem inserida: 2025-05-17T15:18:54 - Flag - CLEAR IN TRACK SECTOR 6...
2025-05-17 12:49:13.749 | DEBUG    | __main__:process_race_control:152 - Mensagem inserida: 2025-05-17T15:21:00 - Flag - GREEN LIGHT - PIT EXIT OPEN...
2025-05-17 12:49:13.864 | DEBUG    | __main__:process_race_control:152 - Mensagem inserida: 2025-05-17T15:33:01 - Flag - CHEQUERED FLAG...
2025-05-17 12:49:13.908 | DEBUG    | __main__:process_race_control:152 - Mensagem inserida: 2025-05-17T15:33:14 - Other - FIRST CAR TO TAKE THE FLAG - CAR 23 (ALB)...
2025-05-17 12:49:13.908 | INFO     | __main__:process_race_control:157 - Processadas 10 mensagens de controle de corrida até agora
2025-05-17 12:49:13.975 | DEBUG    | __main__:process_race_control:152 - Mensagem inserida: 2025-05-17T15:36:17 - Other - FIA STEWARDS: Q3 INCIDENT INVOLVING CAR 63 (RUS) N...
2025-05-17 12:49:14.012 | DEBUG    | __main__:process_race_control:152 - Mensagem inserida: 2025-05-17T15:36:45 - Other - FIA STEWARDS: Q3 INCIDENT INVOLVING CAR 63 (RUS) W...
2025-05-17 12:49:14.048 | DEBUG    | __main__:process_race_control:152 - Mensagem inserida: 2025-05-17T15:36:54 - Other - FIA STEWARDS: Q1 INCIDENT INVOLVING CARS 16 (LEC) ...
2025-05-17 12:49:14.085 | DEBUG    | __main__:process_race_control:152 - Mensagem inserida: 2025-05-17T15:38:55 - Other - FIA STEWARDS: Q3 INCIDENT INVOLVING CAR 63 (RUS) N...
2025-05-17 12:50:13.278 | INFO     | __main__:monitor_race_control:284 - === Relatório de Progresso ===
2025-05-17 12:50:13.279 | INFO     | __main__:monitor_race_control:285 - Tempo em execução: 60.0s
2025-05-17 12:50:13.279 | INFO     | __main__:monitor_race_control:286 - Linhas processadas: 9468
2025-05-17 12:50:13.280 | INFO     | __main__:monitor_race_control:287 - Mensagens de controle encontradas: 14
2025-05-17 12:50:13.280 | INFO     | __main__:monitor_race_control:288 - Mensagens de controle inseridas: 14
2025-05-17 12:50:13.281 | INFO     | __main__:monitor_race_control:291 - Tamanho do arquivo: 4129.6 KB
2025-05-17 12:50:13.281 | INFO     | __main__:monitor_race_control:292 - Posição atual: 4129.6 KB (100.0%)
2025-05-17 12:51:13.592 | INFO     | __main__:monitor_race_control:284 - === Relatório de Progresso ===
2025-05-17 12:51:13.592 | INFO     | __main__:monitor_race_control:285 - Tempo em execução: 120.3s
2025-05-17 12:51:13.593 | INFO     | __main__:monitor_race_control:286 - Linhas processadas: 9468
2025-05-17 12:51:13.593 | INFO     | __main__:monitor_race_control:287 - Mensagens de controle encontradas: 14
2025-05-17 12:51:13.594 | INFO     | __main__:monitor_race_control:288 - Mensagens de controle inseridas: 14
2025-05-17 12:51:13.594 | INFO     | __main__:monitor_race_control:291 - Tamanho do arquivo: 4129.6 KB
2025-05-17 12:51:13.594 | INFO     | __main__:monitor_race_control:292 - Posição atual: 4129.6 KB (100.0%)
2025-05-17 12:52:13.851 | INFO     | __main__:monitor_race_control:284 - === Relatório de Progresso ===
2025-05-17 12:52:13.852 | INFO     | __main__:monitor_race_control:285 - Tempo em execução: 180.6s
2025-05-17 12:52:13.852 | INFO     | __main__:monitor_race_control:286 - Linhas processadas: 9468
2025-05-17 12:52:13.853 | INFO     | __main__:monitor_race_control:287 - Mensagens de controle encontradas: 14
2025-05-17 12:52:13.853 | INFO     | __main__:monitor_race_control:288 - Mensagens de controle inseridas: 14
2025-05-17 12:52:13.854 | INFO     | __main__:monitor_race_control:291 - Tamanho do arquivo: 4129.6 KB
2025-05-17 12:52:13.854 | INFO     | __main__:monitor_race_control:292 - Posição atual: 4129.6 KB (100.0%)
2025-05-17 12:53:14.181 | INFO     | __main__:monitor_race_control:284 - === Relatório de Progresso ===
2025-05-17 12:53:14.182 | INFO     | __main__:monitor_race_control:285 - Tempo em execução: 240.9s
2025-05-17 12:53:14.182 | INFO     | __main__:monitor_race_control:286 - Linhas processadas: 9468
2025-05-17 12:53:14.183 | INFO     | __main__:monitor_race_control:287 - Mensagens de controle encontradas: 14
2025-05-17 12:53:14.183 | INFO     | __main__:monitor_race_control:288 - Mensagens de controle inseridas: 14
2025-05-17 12:53:14.184 | INFO     | __main__:monitor_race_control:291 - Tamanho do arquivo: 4129.6 KB
2025-05-17 12:53:14.184 | INFO     | __main__:monitor_race_control:292 - Posição atual: 4129.6 KB (100.0%)
2025-05-17 12:53:46.251 | INFO     | __main__:handle_shutdown:26 - Sinal de encerramento recebido (2)
2025-05-17 12:53:46.340 | INFO     | __main__:monitor_race_control:309 - === Relatório Final ===
2025-05-17 12:53:46.340 | INFO     | __main__:monitor_race_control:310 - Tempo total: 273.1s
2025-05-17 12:53:46.341 | INFO     | __main__:monitor_race_control:311 - Linhas processadas: 9468
2025-05-17 12:53:46.341 | INFO     | __main__:monitor_race_control:312 - Mensagens de controle encontradas: 14
2025-05-17 12:53:46.342 | INFO     | __main__:monitor_race_control:313 - Mensagens de controle inseridas: 14
2025-05-17 12:53:46.378 | INFO     | __main__:close:180 - Conexão com o banco de dados fechada
2025-05-17 12:53:46.378 | INFO     | __main__:monitor_race_control:322 - Monitoramento encerrado
2025-05-18 10:07:19.326 | INFO     | __main__:monitor_race_control:218 - Iniciando monitoramento de mensagens de controle para a sessão ID=229
2025-05-18 10:07:19.326 | INFO     | __main__:monitor_race_control:219 - Arquivo de entrada: f1_data.txt
2025-05-18 10:07:19.712 | INFO     | __main__:connect:48 - Conexão com o banco de dados estabelecida para session_id=229
2025-05-18 10:07:19.803 | INFO     | __main__:connect:59 - Colunas encontradas na tabela sessions: ['id', 'race_id', 'key', 'type', 'name', 'start_date', 'end_date', 'gmt_offset', 'path', 'created_at', 'updated_at']
2025-05-18 10:07:19.880 | INFO     | __main__:connect:77 - Sessão encontrada: ID=229, name=Race, type=Race, key=9987
2025-05-18 10:07:19.953 | INFO     | __main__:connect:92 - Encontradas 0 mensagens existentes para a sessão 229
2025-05-18 10:08:20.297 | INFO     | __main__:monitor_race_control:284 - === Relatório de Progresso ===
2025-05-18 10:08:20.297 | INFO     | __main__:monitor_race_control:285 - Tempo em execução: 60.3s
2025-05-18 10:08:20.298 | INFO     | __main__:monitor_race_control:286 - Linhas processadas: 0
2025-05-18 10:08:20.298 | INFO     | __main__:monitor_race_control:287 - Mensagens de controle encontradas: 0
2025-05-18 10:08:20.298 | INFO     | __main__:monitor_race_control:288 - Mensagens de controle inseridas: 0
2025-05-18 10:09:20.596 | INFO     | __main__:monitor_race_control:284 - === Relatório de Progresso ===
2025-05-18 10:09:20.597 | INFO     | __main__:monitor_race_control:285 - Tempo em execução: 120.6s
2025-05-18 10:09:20.598 | INFO     | __main__:monitor_race_control:286 - Linhas processadas: 0
2025-05-18 10:09:20.598 | INFO     | __main__:monitor_race_control:287 - Mensagens de controle encontradas: 0
2025-05-18 10:09:20.599 | INFO     | __main__:monitor_race_control:288 - Mensagens de controle inseridas: 0
2025-05-18 10:10:20.831 | INFO     | __main__:monitor_race_control:284 - === Relatório de Progresso ===
2025-05-18 10:10:20.831 | INFO     | __main__:monitor_race_control:285 - Tempo em execução: 180.9s
2025-05-18 10:10:20.832 | INFO     | __main__:monitor_race_control:286 - Linhas processadas: 0
2025-05-18 10:10:20.832 | INFO     | __main__:monitor_race_control:287 - Mensagens de controle encontradas: 0
2025-05-18 10:10:20.833 | INFO     | __main__:monitor_race_control:288 - Mensagens de controle inseridas: 0
2025-05-18 10:11:21.103 | INFO     | __main__:monitor_race_control:284 - === Relatório de Progresso ===
2025-05-18 10:11:21.104 | INFO     | __main__:monitor_race_control:285 - Tempo em execução: 241.2s
2025-05-18 10:11:21.104 | INFO     | __main__:monitor_race_control:286 - Linhas processadas: 0
2025-05-18 10:11:21.105 | INFO     | __main__:monitor_race_control:287 - Mensagens de controle encontradas: 0
2025-05-18 10:11:21.105 | INFO     | __main__:monitor_race_control:288 - Mensagens de controle inseridas: 0
2025-05-18 10:12:21.314 | INFO     | __main__:monitor_race_control:284 - === Relatório de Progresso ===
2025-05-18 10:12:21.315 | INFO     | __main__:monitor_race_control:285 - Tempo em execução: 301.4s
2025-05-18 10:12:21.315 | INFO     | __main__:monitor_race_control:286 - Linhas processadas: 0
2025-05-18 10:12:21.316 | INFO     | __main__:monitor_race_control:287 - Mensagens de controle encontradas: 0
2025-05-18 10:12:21.316 | INFO     | __main__:monitor_race_control:288 - Mensagens de controle inseridas: 0
2025-05-18 10:13:21.609 | INFO     | __main__:monitor_race_control:284 - === Relatório de Progresso ===
2025-05-18 10:13:21.610 | INFO     | __main__:monitor_race_control:285 - Tempo em execução: 361.7s
2025-05-18 10:13:21.610 | INFO     | __main__:monitor_race_control:286 - Linhas processadas: 0
2025-05-18 10:13:21.610 | INFO     | __main__:monitor_race_control:287 - Mensagens de controle encontradas: 0
2025-05-18 10:13:21.611 | INFO     | __main__:monitor_race_control:288 - Mensagens de controle inseridas: 0
2025-05-18 10:14:21.865 | INFO     | __main__:monitor_race_control:284 - === Relatório de Progresso ===
2025-05-18 10:14:21.866 | INFO     | __main__:monitor_race_control:285 - Tempo em execução: 421.9s
2025-05-18 10:14:21.867 | INFO     | __main__:monitor_race_control:286 - Linhas processadas: 0
2025-05-18 10:14:21.867 | INFO     | __main__:monitor_race_control:287 - Mensagens de controle encontradas: 0
2025-05-18 10:14:21.867 | INFO     | __main__:monitor_race_control:288 - Mensagens de controle inseridas: 0
2025-05-18 10:15:22.173 | INFO     | __main__:monitor_race_control:284 - === Relatório de Progresso ===
2025-05-18 10:15:22.174 | INFO     | __main__:monitor_race_control:285 - Tempo em execução: 482.2s
2025-05-18 10:15:22.174 | INFO     | __main__:monitor_race_control:286 - Linhas processadas: 0
2025-05-18 10:15:22.175 | INFO     | __main__:monitor_race_control:287 - Mensagens de controle encontradas: 0
2025-05-18 10:15:22.175 | INFO     | __main__:monitor_race_control:288 - Mensagens de controle inseridas: 0
2025-05-18 10:16:22.501 | INFO     | __main__:monitor_race_control:284 - === Relatório de Progresso ===
2025-05-18 10:16:22.502 | INFO     | __main__:monitor_race_control:285 - Tempo em execução: 542.5s
2025-05-18 10:16:22.503 | INFO     | __main__:monitor_race_control:286 - Linhas processadas: 0
2025-05-18 10:16:22.503 | INFO     | __main__:monitor_race_control:287 - Mensagens de controle encontradas: 0
2025-05-18 10:16:22.504 | INFO     | __main__:monitor_race_control:288 - Mensagens de controle inseridas: 0
2025-05-18 10:17:22.802 | INFO     | __main__:monitor_race_control:284 - === Relatório de Progresso ===
2025-05-18 10:17:22.803 | INFO     | __main__:monitor_race_control:285 - Tempo em execução: 602.8s
2025-05-18 10:17:22.803 | INFO     | __main__:monitor_race_control:286 - Linhas processadas: 0
2025-05-18 10:17:22.803 | INFO     | __main__:monitor_race_control:287 - Mensagens de controle encontradas: 0
2025-05-18 10:17:22.804 | INFO     | __main__:monitor_race_control:288 - Mensagens de controle inseridas: 0
2025-05-18 10:18:23.144 | INFO     | __main__:monitor_race_control:284 - === Relatório de Progresso ===
2025-05-18 10:18:23.145 | INFO     | __main__:monitor_race_control:285 - Tempo em execução: 663.2s
2025-05-18 10:18:23.145 | INFO     | __main__:monitor_race_control:286 - Linhas processadas: 1
2025-05-18 10:18:23.145 | INFO     | __main__:monitor_race_control:287 - Mensagens de controle encontradas: 0
2025-05-18 10:18:23.146 | INFO     | __main__:monitor_race_control:288 - Mensagens de controle inseridas: 0
2025-05-18 10:18:23.146 | INFO     | __main__:monitor_race_control:291 - Tamanho do arquivo: 0.1 KB
2025-05-18 10:18:23.146 | INFO     | __main__:monitor_race_control:292 - Posição atual: 0.1 KB (100.0%)
2025-05-18 10:19:23.646 | INFO     | __main__:monitor_race_control:284 - === Relatório de Progresso ===
2025-05-18 10:19:23.647 | INFO     | __main__:monitor_race_control:285 - Tempo em execução: 723.7s
2025-05-18 10:19:23.647 | INFO     | __main__:monitor_race_control:286 - Linhas processadas: 1159
2025-05-18 10:19:23.648 | INFO     | __main__:monitor_race_control:287 - Mensagens de controle encontradas: 0
2025-05-18 10:19:23.648 | INFO     | __main__:monitor_race_control:288 - Mensagens de controle inseridas: 0
2025-05-18 10:19:23.649 | INFO     | __main__:monitor_race_control:291 - Tamanho do arquivo: 271.2 KB
2025-05-18 10:19:23.649 | INFO     | __main__:monitor_race_control:292 - Posição atual: 271.2 KB (100.0%)
2025-05-18 10:20:23.678 | INFO     | __main__:monitor_race_control:284 - === Relatório de Progresso ===
2025-05-18 10:20:23.678 | INFO     | __main__:monitor_race_control:285 - Tempo em execução: 783.7s
2025-05-18 10:20:23.679 | INFO     | __main__:monitor_race_control:286 - Linhas processadas: 2342
2025-05-18 10:20:23.679 | INFO     | __main__:monitor_race_control:287 - Mensagens de controle encontradas: 0
2025-05-18 10:20:23.680 | INFO     | __main__:monitor_race_control:288 - Mensagens de controle inseridas: 0
2025-05-18 10:20:23.680 | INFO     | __main__:monitor_race_control:291 - Tamanho do arquivo: 544.6 KB
2025-05-18 10:20:23.681 | INFO     | __main__:monitor_race_control:292 - Posição atual: 544.6 KB (100.0%)
2025-05-18 10:21:23.678 | INFO     | __main__:monitor_race_control:284 - === Relatório de Progresso ===
2025-05-18 10:21:23.679 | INFO     | __main__:monitor_race_control:285 - Tempo em execução: 843.7s
2025-05-18 10:21:23.679 | INFO     | __main__:monitor_race_control:286 - Linhas processadas: 3422
2025-05-18 10:21:23.679 | INFO     | __main__:monitor_race_control:287 - Mensagens de controle encontradas: 0
2025-05-18 10:21:23.679 | INFO     | __main__:monitor_race_control:288 - Mensagens de controle inseridas: 0
2025-05-18 10:21:23.680 | INFO     | __main__:monitor_race_control:291 - Tamanho do arquivo: 803.9 KB
2025-05-18 10:21:23.680 | INFO     | __main__:monitor_race_control:292 - Posição atual: 803.9 KB (100.0%)
2025-05-18 10:22:23.868 | INFO     | __main__:monitor_race_control:284 - === Relatório de Progresso ===
2025-05-18 10:22:23.869 | INFO     | __main__:monitor_race_control:285 - Tempo em execução: 903.9s
2025-05-18 10:22:23.869 | INFO     | __main__:monitor_race_control:286 - Linhas processadas: 4555
2025-05-18 10:22:23.869 | INFO     | __main__:monitor_race_control:287 - Mensagens de controle encontradas: 0
2025-05-18 10:22:23.870 | INFO     | __main__:monitor_race_control:288 - Mensagens de controle inseridas: 0
2025-05-18 10:22:23.870 | INFO     | __main__:monitor_race_control:291 - Tamanho do arquivo: 1073.9 KB
2025-05-18 10:22:23.870 | INFO     | __main__:monitor_race_control:292 - Posição atual: 1073.9 KB (100.0%)
2025-05-18 10:23:23.921 | INFO     | __main__:monitor_race_control:284 - === Relatório de Progresso ===
2025-05-18 10:23:23.922 | INFO     | __main__:monitor_race_control:285 - Tempo em execução: 964.0s
2025-05-18 10:23:23.922 | INFO     | __main__:monitor_race_control:286 - Linhas processadas: 5749
2025-05-18 10:23:23.923 | INFO     | __main__:monitor_race_control:287 - Mensagens de controle encontradas: 0
2025-05-18 10:23:23.923 | INFO     | __main__:monitor_race_control:288 - Mensagens de controle inseridas: 0
2025-05-18 10:23:23.924 | INFO     | __main__:monitor_race_control:291 - Tamanho do arquivo: 1354.4 KB
2025-05-18 10:23:23.924 | INFO     | __main__:monitor_race_control:292 - Posição atual: 1354.4 KB (100.0%)
2025-05-18 10:24:24.400 | INFO     | __main__:monitor_race_control:284 - === Relatório de Progresso ===
2025-05-18 10:24:24.400 | INFO     | __main__:monitor_race_control:285 - Tempo em execução: 1024.4s
2025-05-18 10:24:24.401 | INFO     | __main__:monitor_race_control:286 - Linhas processadas: 6873
2025-05-18 10:24:24.401 | INFO     | __main__:monitor_race_control:287 - Mensagens de controle encontradas: 0
2025-05-18 10:24:24.402 | INFO     | __main__:monitor_race_control:288 - Mensagens de controle inseridas: 0
2025-05-18 10:24:24.402 | INFO     | __main__:monitor_race_control:291 - Tamanho do arquivo: 1620.3 KB
2025-05-18 10:24:24.403 | INFO     | __main__:monitor_race_control:292 - Posição atual: 1620.3 KB (100.0%)
2025-05-18 10:25:24.535 | INFO     | __main__:monitor_race_control:284 - === Relatório de Progresso ===
2025-05-18 10:25:24.535 | INFO     | __main__:monitor_race_control:285 - Tempo em execução: 1084.6s
2025-05-18 10:25:24.537 | INFO     | __main__:monitor_race_control:286 - Linhas processadas: 7971
2025-05-18 10:25:24.537 | INFO     | __main__:monitor_race_control:287 - Mensagens de controle encontradas: 0
2025-05-18 10:25:24.538 | INFO     | __main__:monitor_race_control:288 - Mensagens de controle inseridas: 0
2025-05-18 10:25:24.538 | INFO     | __main__:monitor_race_control:291 - Tamanho do arquivo: 1885.3 KB
2025-05-18 10:25:24.539 | INFO     | __main__:monitor_race_control:292 - Posição atual: 1885.3 KB (100.0%)
2025-05-18 10:26:24.589 | INFO     | __main__:monitor_race_control:284 - === Relatório de Progresso ===
2025-05-18 10:26:24.590 | INFO     | __main__:monitor_race_control:285 - Tempo em execução: 1144.6s
2025-05-18 10:26:24.590 | INFO     | __main__:monitor_race_control:286 - Linhas processadas: 9066
2025-05-18 10:26:24.590 | INFO     | __main__:monitor_race_control:287 - Mensagens de controle encontradas: 0
2025-05-18 10:26:24.590 | INFO     | __main__:monitor_race_control:288 - Mensagens de controle inseridas: 0
2025-05-18 10:26:24.591 | INFO     | __main__:monitor_race_control:291 - Tamanho do arquivo: 2149.7 KB
2025-05-18 10:26:24.591 | INFO     | __main__:monitor_race_control:292 - Posição atual: 2149.7 KB (100.0%)
2025-05-18 10:27:24.747 | INFO     | __main__:monitor_race_control:284 - === Relatório de Progresso ===
2025-05-18 10:27:24.749 | INFO     | __main__:monitor_race_control:285 - Tempo em execução: 1204.8s
2025-05-18 10:27:24.749 | INFO     | __main__:monitor_race_control:286 - Linhas processadas: 10200
2025-05-18 10:27:24.749 | INFO     | __main__:monitor_race_control:287 - Mensagens de controle encontradas: 0
2025-05-18 10:27:24.750 | INFO     | __main__:monitor_race_control:288 - Mensagens de controle inseridas: 0
2025-05-18 10:27:24.750 | INFO     | __main__:monitor_race_control:291 - Tamanho do arquivo: 2416.9 KB
2025-05-18 10:27:24.751 | INFO     | __main__:monitor_race_control:292 - Posição atual: 2417.0 KB (100.0%)
2025-05-18 10:28:24.805 | INFO     | __main__:monitor_race_control:284 - === Relatório de Progresso ===
2025-05-18 10:28:24.806 | INFO     | __main__:monitor_race_control:285 - Tempo em execução: 1264.9s
2025-05-18 10:28:24.807 | INFO     | __main__:monitor_race_control:286 - Linhas processadas: 11277
2025-05-18 10:28:24.809 | INFO     | __main__:monitor_race_control:287 - Mensagens de controle encontradas: 0
2025-05-18 10:28:24.810 | INFO     | __main__:monitor_race_control:288 - Mensagens de controle inseridas: 0
2025-05-18 10:28:24.811 | INFO     | __main__:monitor_race_control:291 - Tamanho do arquivo: 2676.1 KB
2025-05-18 10:28:24.812 | INFO     | __main__:monitor_race_control:292 - Posição atual: 2676.1 KB (100.0%)
2025-05-18 10:29:25.152 | INFO     | __main__:monitor_race_control:284 - === Relatório de Progresso ===
2025-05-18 10:29:25.152 | INFO     | __main__:monitor_race_control:285 - Tempo em execução: 1325.2s
2025-05-18 10:29:25.153 | INFO     | __main__:monitor_race_control:286 - Linhas processadas: 12350
2025-05-18 10:29:25.153 | INFO     | __main__:monitor_race_control:287 - Mensagens de controle encontradas: 0
2025-05-18 10:29:25.153 | INFO     | __main__:monitor_race_control:288 - Mensagens de controle inseridas: 0
2025-05-18 10:29:25.154 | INFO     | __main__:monitor_race_control:291 - Tamanho do arquivo: 2936.5 KB
2025-05-18 10:29:25.154 | INFO     | __main__:monitor_race_control:292 - Posição atual: 2936.5 KB (100.0%)
2025-05-18 10:30:25.193 | INFO     | __main__:monitor_race_control:284 - === Relatório de Progresso ===
2025-05-18 10:30:25.193 | INFO     | __main__:monitor_race_control:285 - Tempo em execução: 1385.2s
2025-05-18 10:30:25.195 | INFO     | __main__:monitor_race_control:286 - Linhas processadas: 13459
2025-05-18 10:30:25.195 | INFO     | __main__:monitor_race_control:287 - Mensagens de controle encontradas: 0
2025-05-18 10:30:25.196 | INFO     | __main__:monitor_race_control:288 - Mensagens de controle inseridas: 0
2025-05-18 10:30:25.196 | INFO     | __main__:monitor_race_control:291 - Tamanho do arquivo: 3204.1 KB
2025-05-18 10:30:25.197 | INFO     | __main__:monitor_race_control:292 - Posição atual: 3204.1 KB (100.0%)
2025-05-18 10:31:25.294 | INFO     | __main__:monitor_race_control:284 - === Relatório de Progresso ===
2025-05-18 10:31:25.295 | INFO     | __main__:monitor_race_control:285 - Tempo em execução: 1445.3s
2025-05-18 10:31:25.295 | INFO     | __main__:monitor_race_control:286 - Linhas processadas: 14587
2025-05-18 10:31:25.296 | INFO     | __main__:monitor_race_control:287 - Mensagens de controle encontradas: 0
2025-05-18 10:31:25.296 | INFO     | __main__:monitor_race_control:288 - Mensagens de controle inseridas: 0
2025-05-18 10:31:25.297 | INFO     | __main__:monitor_race_control:291 - Tamanho do arquivo: 3473.5 KB
2025-05-18 10:31:25.297 | INFO     | __main__:monitor_race_control:292 - Posição atual: 3473.5 KB (100.0%)
2025-05-18 10:32:25.576 | INFO     | __main__:monitor_race_control:284 - === Relatório de Progresso ===
2025-05-18 10:32:25.577 | INFO     | __main__:monitor_race_control:285 - Tempo em execução: 1505.6s
2025-05-18 10:32:25.577 | INFO     | __main__:monitor_race_control:286 - Linhas processadas: 15663
2025-05-18 10:32:25.578 | INFO     | __main__:monitor_race_control:287 - Mensagens de controle encontradas: 0
2025-05-18 10:32:25.578 | INFO     | __main__:monitor_race_control:288 - Mensagens de controle inseridas: 0
2025-05-18 10:32:25.579 | INFO     | __main__:monitor_race_control:291 - Tamanho do arquivo: 3736.5 KB
2025-05-18 10:32:25.580 | INFO     | __main__:monitor_race_control:292 - Posição atual: 3736.5 KB (100.0%)
2025-05-18 10:33:25.872 | INFO     | __main__:monitor_race_control:284 - === Relatório de Progresso ===
2025-05-18 10:33:25.874 | INFO     | __main__:monitor_race_control:285 - Tempo em execução: 1565.9s
2025-05-18 10:33:25.874 | INFO     | __main__:monitor_race_control:286 - Linhas processadas: 16758
2025-05-18 10:33:25.876 | INFO     | __main__:monitor_race_control:287 - Mensagens de controle encontradas: 0
2025-05-18 10:33:25.876 | INFO     | __main__:monitor_race_control:288 - Mensagens de controle inseridas: 0
2025-05-18 10:33:25.877 | INFO     | __main__:monitor_race_control:291 - Tamanho do arquivo: 4009.3 KB
2025-05-18 10:33:25.877 | INFO     | __main__:monitor_race_control:292 - Posição atual: 4009.3 KB (100.0%)
2025-05-18 10:34:25.878 | INFO     | __main__:monitor_race_control:284 - === Relatório de Progresso ===
2025-05-18 10:34:25.878 | INFO     | __main__:monitor_race_control:285 - Tempo em execução: 1625.9s
2025-05-18 10:34:25.879 | INFO     | __main__:monitor_race_control:286 - Linhas processadas: 17900
2025-05-18 10:34:25.879 | INFO     | __main__:monitor_race_control:287 - Mensagens de controle encontradas: 0
2025-05-18 10:34:25.879 | INFO     | __main__:monitor_race_control:288 - Mensagens de controle inseridas: 0
2025-05-18 10:34:25.880 | INFO     | __main__:monitor_race_control:291 - Tamanho do arquivo: 4277.8 KB
2025-05-18 10:34:25.880 | INFO     | __main__:monitor_race_control:292 - Posição atual: 4277.8 KB (100.0%)
2025-05-18 10:35:25.905 | INFO     | __main__:monitor_race_control:284 - === Relatório de Progresso ===
2025-05-18 10:35:25.906 | INFO     | __main__:monitor_race_control:285 - Tempo em execução: 1686.0s
2025-05-18 10:35:25.907 | INFO     | __main__:monitor_race_control:286 - Linhas processadas: 19018
2025-05-18 10:35:25.907 | INFO     | __main__:monitor_race_control:287 - Mensagens de controle encontradas: 0
2025-05-18 10:35:25.908 | INFO     | __main__:monitor_race_control:288 - Mensagens de controle inseridas: 0
2025-05-18 10:35:25.908 | INFO     | __main__:monitor_race_control:291 - Tamanho do arquivo: 4539.2 KB
2025-05-18 10:35:25.909 | INFO     | __main__:monitor_race_control:292 - Posição atual: 4539.2 KB (100.0%)
2025-05-18 10:36:26.120 | INFO     | __main__:monitor_race_control:284 - === Relatório de Progresso ===
2025-05-18 10:36:26.121 | INFO     | __main__:monitor_race_control:285 - Tempo em execução: 1746.2s
2025-05-18 10:36:26.122 | INFO     | __main__:monitor_race_control:286 - Linhas processadas: 20103
2025-05-18 10:36:26.122 | INFO     | __main__:monitor_race_control:287 - Mensagens de controle encontradas: 0
2025-05-18 10:36:26.123 | INFO     | __main__:monitor_race_control:288 - Mensagens de controle inseridas: 0
2025-05-18 10:36:26.124 | INFO     | __main__:monitor_race_control:291 - Tamanho do arquivo: 4804.1 KB
2025-05-18 10:36:26.124 | INFO     | __main__:monitor_race_control:292 - Posição atual: 4804.1 KB (100.0%)
2025-05-18 10:37:26.250 | INFO     | __main__:monitor_race_control:284 - === Relatório de Progresso ===
2025-05-18 10:37:26.251 | INFO     | __main__:monitor_race_control:285 - Tempo em execução: 1806.3s
2025-05-18 10:37:26.251 | INFO     | __main__:monitor_race_control:286 - Linhas processadas: 21194
2025-05-18 10:37:26.251 | INFO     | __main__:monitor_race_control:287 - Mensagens de controle encontradas: 0
2025-05-18 10:37:26.252 | INFO     | __main__:monitor_race_control:288 - Mensagens de controle inseridas: 0
2025-05-18 10:37:26.252 | INFO     | __main__:monitor_race_control:291 - Tamanho do arquivo: 5068.0 KB
2025-05-18 10:37:26.252 | INFO     | __main__:monitor_race_control:292 - Posição atual: 5068.0 KB (100.0%)
2025-05-18 10:38:26.372 | INFO     | __main__:monitor_race_control:284 - === Relatório de Progresso ===
2025-05-18 10:38:26.373 | INFO     | __main__:monitor_race_control:285 - Tempo em execução: 1866.4s
2025-05-18 10:38:26.373 | INFO     | __main__:monitor_race_control:286 - Linhas processadas: 22338
2025-05-18 10:38:26.375 | INFO     | __main__:monitor_race_control:287 - Mensagens de controle encontradas: 0
2025-05-18 10:38:26.375 | INFO     | __main__:monitor_race_control:288 - Mensagens de controle inseridas: 0
2025-05-18 10:38:26.376 | INFO     | __main__:monitor_race_control:291 - Tamanho do arquivo: 5341.4 KB
2025-05-18 10:38:26.376 | INFO     | __main__:monitor_race_control:292 - Posição atual: 5341.4 KB (100.0%)
2025-05-18 10:39:26.419 | INFO     | __main__:monitor_race_control:284 - === Relatório de Progresso ===
2025-05-18 10:39:26.420 | INFO     | __main__:monitor_race_control:285 - Tempo em execução: 1926.5s
2025-05-18 10:39:26.420 | INFO     | __main__:monitor_race_control:286 - Linhas processadas: 23404
2025-05-18 10:39:26.420 | INFO     | __main__:monitor_race_control:287 - Mensagens de controle encontradas: 0
2025-05-18 10:39:26.421 | INFO     | __main__:monitor_race_control:288 - Mensagens de controle inseridas: 0
2025-05-18 10:39:26.421 | INFO     | __main__:monitor_race_control:291 - Tamanho do arquivo: 5602.0 KB
2025-05-18 10:39:26.421 | INFO     | __main__:monitor_race_control:292 - Posição atual: 5602.0 KB (100.0%)
2025-05-18 10:40:26.519 | INFO     | __main__:monitor_race_control:284 - === Relatório de Progresso ===
2025-05-18 10:40:26.520 | INFO     | __main__:monitor_race_control:285 - Tempo em execução: 1986.6s
2025-05-18 10:40:26.521 | INFO     | __main__:monitor_race_control:286 - Linhas processadas: 24476
2025-05-18 10:40:26.521 | INFO     | __main__:monitor_race_control:287 - Mensagens de controle encontradas: 0
2025-05-18 10:40:26.521 | INFO     | __main__:monitor_race_control:288 - Mensagens de controle inseridas: 0
2025-05-18 10:40:26.522 | INFO     | __main__:monitor_race_control:291 - Tamanho do arquivo: 5865.4 KB
2025-05-18 10:40:26.522 | INFO     | __main__:monitor_race_control:292 - Posição atual: 5865.4 KB (100.0%)
2025-05-18 10:41:26.900 | INFO     | __main__:monitor_race_control:284 - === Relatório de Progresso ===
2025-05-18 10:41:26.901 | INFO     | __main__:monitor_race_control:285 - Tempo em execução: 2046.9s
2025-05-18 10:41:26.901 | INFO     | __main__:monitor_race_control:286 - Linhas processadas: 25612
2025-05-18 10:41:26.901 | INFO     | __main__:monitor_race_control:287 - Mensagens de controle encontradas: 0
2025-05-18 10:41:26.901 | INFO     | __main__:monitor_race_control:288 - Mensagens de controle inseridas: 0
2025-05-18 10:41:26.903 | INFO     | __main__:monitor_race_control:291 - Tamanho do arquivo: 6133.7 KB
2025-05-18 10:41:26.903 | INFO     | __main__:monitor_race_control:292 - Posição atual: 6133.7 KB (100.0%)
2025-05-18 10:42:13.141 | DEBUG    | __main__:process_race_control:152 - Mensagem inserida: 2025-05-18T13:42:11 - Flag - YELLOW IN TRACK SECTOR 8...
2025-05-18 10:42:27.125 | INFO     | __main__:monitor_race_control:284 - === Relatório de Progresso ===
2025-05-18 10:42:27.125 | INFO     | __main__:monitor_race_control:285 - Tempo em execução: 2107.2s
2025-05-18 10:42:27.126 | INFO     | __main__:monitor_race_control:286 - Linhas processadas: 26708
2025-05-18 10:42:27.126 | INFO     | __main__:monitor_race_control:287 - Mensagens de controle encontradas: 1
2025-05-18 10:42:27.127 | INFO     | __main__:monitor_race_control:288 - Mensagens de controle inseridas: 1
2025-05-18 10:42:27.127 | INFO     | __main__:monitor_race_control:291 - Tamanho do arquivo: 6397.5 KB
2025-05-18 10:42:27.127 | INFO     | __main__:monitor_race_control:292 - Posição atual: 6397.5 KB (100.0%)
2025-05-18 10:42:36.057 | DEBUG    | __main__:process_race_control:152 - Mensagem inserida: 2025-05-18T13:42:34 - SafetyCar - VIRTUAL SAFETY CAR DEPLOYED...
2025-05-18 10:42:39.294 | DEBUG    | __main__:process_race_control:152 - Mensagem inserida: 2025-05-18T13:42:37 - Flag - DOUBLE YELLOW IN TRACK SECTOR 8...
2025-05-18 10:42:46.003 | DEBUG    | __main__:process_race_control:152 - Mensagem inserida: 2025-05-18T13:42:44 - Flag - YELLOW IN TRACK SECTOR 7...
2025-05-18 10:43:27.507 | INFO     | __main__:monitor_race_control:284 - === Relatório de Progresso ===
2025-05-18 10:43:27.508 | INFO     | __main__:monitor_race_control:285 - Tempo em execução: 2167.6s
2025-05-18 10:43:27.509 | INFO     | __main__:monitor_race_control:286 - Linhas processadas: 27495
2025-05-18 10:43:27.509 | INFO     | __main__:monitor_race_control:287 - Mensagens de controle encontradas: 4
2025-05-18 10:43:27.510 | INFO     | __main__:monitor_race_control:288 - Mensagens de controle inseridas: 4
2025-05-18 10:43:27.510 | INFO     | __main__:monitor_race_control:291 - Tamanho do arquivo: 6623.8 KB
2025-05-18 10:43:27.511 | INFO     | __main__:monitor_race_control:292 - Posição atual: 6623.8 KB (100.0%)
2025-05-18 10:44:27.904 | INFO     | __main__:monitor_race_control:284 - === Relatório de Progresso ===
2025-05-18 10:44:27.904 | INFO     | __main__:monitor_race_control:285 - Tempo em execução: 2228.0s
2025-05-18 10:44:27.905 | INFO     | __main__:monitor_race_control:286 - Linhas processadas: 28251
2025-05-18 10:44:27.905 | INFO     | __main__:monitor_race_control:287 - Mensagens de controle encontradas: 4
2025-05-18 10:44:27.906 | INFO     | __main__:monitor_race_control:288 - Mensagens de controle inseridas: 4
2025-05-18 10:44:27.907 | INFO     | __main__:monitor_race_control:291 - Tamanho do arquivo: 6840.9 KB
2025-05-18 10:44:27.907 | INFO     | __main__:monitor_race_control:292 - Posição atual: 6840.9 KB (100.0%)
2025-05-18 10:45:28.385 | INFO     | __main__:monitor_race_control:284 - === Relatório de Progresso ===
2025-05-18 10:45:28.386 | INFO     | __main__:monitor_race_control:285 - Tempo em execução: 2288.4s
2025-05-18 10:45:28.388 | INFO     | __main__:monitor_race_control:286 - Linhas processadas: 28984
2025-05-18 10:45:28.389 | INFO     | __main__:monitor_race_control:287 - Mensagens de controle encontradas: 4
2025-05-18 10:45:28.390 | INFO     | __main__:monitor_race_control:288 - Mensagens de controle inseridas: 4
2025-05-18 10:45:28.391 | INFO     | __main__:monitor_race_control:291 - Tamanho do arquivo: 7057.6 KB
2025-05-18 10:45:28.393 | INFO     | __main__:monitor_race_control:292 - Posição atual: 7057.6 KB (100.0%)
2025-05-18 10:46:01.011 | DEBUG    | __main__:process_race_control:152 - Mensagem inserida: 2025-05-18T13:45:59 - Flag - CLEAR IN TRACK SECTOR 8...
2025-05-18 10:46:01.011 | INFO     | __main__:process_race_control:157 - Processadas 5 mensagens de controle de corrida até agora
2025-05-18 10:46:02.601 | DEBUG    | __main__:process_race_control:152 - Mensagem inserida: 2025-05-18T13:46:01 - Flag - CLEAR IN TRACK SECTOR 7...
2025-05-18 10:46:04.689 | DEBUG    | __main__:process_race_control:152 - Mensagem inserida: 2025-05-18T13:46:03 - SafetyCar - VIRTUAL SAFETY CAR ENDING...
2025-05-18 10:46:15.546 | DEBUG    | __main__:process_race_control:152 - Mensagem inserida: 2025-05-18T13:46:14 - Flag - TRACK CLEAR...
2025-05-18 10:46:16.110 | DEBUG    | __main__:process_race_control:152 - Mensagem inserida: 2025-05-18T13:46:15 - Drs - DRS ENABLED...
2025-05-18 10:46:28.494 | INFO     | __main__:monitor_race_control:284 - === Relatório de Progresso ===
2025-05-18 10:46:28.494 | INFO     | __main__:monitor_race_control:285 - Tempo em execução: 2348.5s
2025-05-18 10:46:28.495 | INFO     | __main__:monitor_race_control:286 - Linhas processadas: 29909
2025-05-18 10:46:28.495 | INFO     | __main__:monitor_race_control:287 - Mensagens de controle encontradas: 9
2025-05-18 10:46:28.496 | INFO     | __main__:monitor_race_control:288 - Mensagens de controle inseridas: 9
2025-05-18 10:46:28.496 | INFO     | __main__:monitor_race_control:291 - Tamanho do arquivo: 7300.5 KB
2025-05-18 10:46:28.497 | INFO     | __main__:monitor_race_control:292 - Posição atual: 7300.5 KB (100.0%)
2025-05-18 10:47:28.860 | INFO     | __main__:monitor_race_control:284 - === Relatório de Progresso ===
2025-05-18 10:47:28.860 | INFO     | __main__:monitor_race_control:285 - Tempo em execução: 2408.9s
2025-05-18 10:47:28.862 | INFO     | __main__:monitor_race_control:286 - Linhas processadas: 30966
2025-05-18 10:47:28.866 | INFO     | __main__:monitor_race_control:287 - Mensagens de controle encontradas: 9
2025-05-18 10:47:28.871 | INFO     | __main__:monitor_race_control:288 - Mensagens de controle inseridas: 9
2025-05-18 10:47:28.875 | INFO     | __main__:monitor_race_control:291 - Tamanho do arquivo: 7554.3 KB
2025-05-18 10:47:28.876 | INFO     | __main__:monitor_race_control:292 - Posição atual: 7554.3 KB (100.0%)
2025-05-18 10:48:29.138 | INFO     | __main__:monitor_race_control:284 - === Relatório de Progresso ===
2025-05-18 10:48:29.138 | INFO     | __main__:monitor_race_control:285 - Tempo em execução: 2469.2s
2025-05-18 10:48:29.139 | INFO     | __main__:monitor_race_control:286 - Linhas processadas: 32015
2025-05-18 10:48:29.139 | INFO     | __main__:monitor_race_control:287 - Mensagens de controle encontradas: 9
2025-05-18 10:48:29.140 | INFO     | __main__:monitor_race_control:288 - Mensagens de controle inseridas: 9
2025-05-18 10:48:29.140 | INFO     | __main__:monitor_race_control:291 - Tamanho do arquivo: 7812.2 KB
2025-05-18 10:48:29.141 | INFO     | __main__:monitor_race_control:292 - Posição atual: 7812.2 KB (100.0%)
2025-05-18 10:49:29.575 | INFO     | __main__:monitor_race_control:284 - === Relatório de Progresso ===
2025-05-18 10:49:29.576 | INFO     | __main__:monitor_race_control:285 - Tempo em execução: 2529.6s
2025-05-18 10:49:29.576 | INFO     | __main__:monitor_race_control:286 - Linhas processadas: 33099
2025-05-18 10:49:29.577 | INFO     | __main__:monitor_race_control:287 - Mensagens de controle encontradas: 9
2025-05-18 10:49:29.577 | INFO     | __main__:monitor_race_control:288 - Mensagens de controle inseridas: 9
2025-05-18 10:49:29.577 | INFO     | __main__:monitor_race_control:291 - Tamanho do arquivo: 8073.5 KB
2025-05-18 10:49:29.577 | INFO     | __main__:monitor_race_control:292 - Posição atual: 8073.5 KB (100.0%)
2025-05-18 10:50:10.499 | DEBUG    | __main__:process_race_control:152 - Mensagem inserida: 2025-05-18T13:50:08 - Other - TURN 2 INCIDENT INVOLVING CARS 22 (TSU) AND 55 (SA...
2025-05-18 10:50:10.499 | INFO     | __main__:process_race_control:157 - Processadas 10 mensagens de controle de corrida até agora
2025-05-18 10:50:29.582 | INFO     | __main__:monitor_race_control:284 - === Relatório de Progresso ===
2025-05-18 10:50:29.582 | INFO     | __main__:monitor_race_control:285 - Tempo em execução: 2589.6s
2025-05-18 10:50:29.583 | INFO     | __main__:monitor_race_control:286 - Linhas processadas: 34217
2025-05-18 10:50:29.583 | INFO     | __main__:monitor_race_control:287 - Mensagens de controle encontradas: 10
2025-05-18 10:50:29.583 | INFO     | __main__:monitor_race_control:288 - Mensagens de controle inseridas: 10
2025-05-18 10:50:29.584 | INFO     | __main__:monitor_race_control:291 - Tamanho do arquivo: 8340.6 KB
2025-05-18 10:50:29.584 | INFO     | __main__:monitor_race_control:292 - Posição atual: 8340.6 KB (100.0%)
2025-05-18 10:51:22.392 | DEBUG    | __main__:process_race_control:152 - Mensagem inserida: 2025-05-18T13:51:21 - Other - FIA STEWARDS: TURN 2 INCIDENT INVOLVING CARS 22 (T...
2025-05-18 10:51:29.583 | INFO     | __main__:monitor_race_control:284 - === Relatório de Progresso ===
2025-05-18 10:51:29.584 | INFO     | __main__:monitor_race_control:285 - Tempo em execução: 2649.6s
2025-05-18 10:51:29.584 | INFO     | __main__:monitor_race_control:286 - Linhas processadas: 35233
2025-05-18 10:51:29.585 | INFO     | __main__:monitor_race_control:287 - Mensagens de controle encontradas: 11
2025-05-18 10:51:29.586 | INFO     | __main__:monitor_race_control:288 - Mensagens de controle inseridas: 11
2025-05-18 10:51:29.586 | INFO     | __main__:monitor_race_control:291 - Tamanho do arquivo: 8589.1 KB
2025-05-18 10:51:29.587 | INFO     | __main__:monitor_race_control:292 - Posição atual: 8589.1 KB (100.0%)
2025-05-18 10:52:29.597 | INFO     | __main__:monitor_race_control:284 - === Relatório de Progresso ===
2025-05-18 10:52:29.598 | INFO     | __main__:monitor_race_control:285 - Tempo em execução: 2709.6s
2025-05-18 10:52:29.598 | INFO     | __main__:monitor_race_control:286 - Linhas processadas: 36299
2025-05-18 10:52:29.599 | INFO     | __main__:monitor_race_control:287 - Mensagens de controle encontradas: 11
2025-05-18 10:52:29.599 | INFO     | __main__:monitor_race_control:288 - Mensagens de controle inseridas: 11
2025-05-18 10:52:29.600 | INFO     | __main__:monitor_race_control:291 - Tamanho do arquivo: 8849.5 KB
2025-05-18 10:52:29.600 | INFO     | __main__:monitor_race_control:292 - Posição atual: 8849.5 KB (100.0%)
2025-05-18 10:53:29.626 | INFO     | __main__:monitor_race_control:284 - === Relatório de Progresso ===
2025-05-18 10:53:29.626 | INFO     | __main__:monitor_race_control:285 - Tempo em execução: 2769.7s
2025-05-18 10:53:29.627 | INFO     | __main__:monitor_race_control:286 - Linhas processadas: 37382
2025-05-18 10:53:29.629 | INFO     | __main__:monitor_race_control:287 - Mensagens de controle encontradas: 11
2025-05-18 10:53:29.629 | INFO     | __main__:monitor_race_control:288 - Mensagens de controle inseridas: 11
2025-05-18 10:53:29.631 | INFO     | __main__:monitor_race_control:291 - Tamanho do arquivo: 9108.1 KB
2025-05-18 10:53:29.632 | INFO     | __main__:monitor_race_control:292 - Posição atual: 9108.1 KB (100.0%)
2025-05-18 10:54:30.031 | INFO     | __main__:monitor_race_control:284 - === Relatório de Progresso ===
2025-05-18 10:54:30.031 | INFO     | __main__:monitor_race_control:285 - Tempo em execução: 2830.1s
2025-05-18 10:54:30.032 | INFO     | __main__:monitor_race_control:286 - Linhas processadas: 38478
2025-05-18 10:54:30.032 | INFO     | __main__:monitor_race_control:287 - Mensagens de controle encontradas: 11
2025-05-18 10:54:30.032 | INFO     | __main__:monitor_race_control:288 - Mensagens de controle inseridas: 11
2025-05-18 10:54:30.033 | INFO     | __main__:monitor_race_control:291 - Tamanho do arquivo: 9369.4 KB
2025-05-18 10:54:30.033 | INFO     | __main__:monitor_race_control:292 - Posição atual: 9369.4 KB (100.0%)
2025-05-18 10:55:30.469 | INFO     | __main__:monitor_race_control:284 - === Relatório de Progresso ===
2025-05-18 10:55:30.470 | INFO     | __main__:monitor_race_control:285 - Tempo em execução: 2890.5s
2025-05-18 10:55:30.470 | INFO     | __main__:monitor_race_control:286 - Linhas processadas: 39517
2025-05-18 10:55:30.471 | INFO     | __main__:monitor_race_control:287 - Mensagens de controle encontradas: 11
2025-05-18 10:55:30.471 | INFO     | __main__:monitor_race_control:288 - Mensagens de controle inseridas: 11
2025-05-18 10:55:30.471 | INFO     | __main__:monitor_race_control:291 - Tamanho do arquivo: 9624.2 KB
2025-05-18 10:55:30.472 | INFO     | __main__:monitor_race_control:292 - Posição atual: 9624.2 KB (100.0%)
2025-05-18 10:56:30.521 | INFO     | __main__:monitor_race_control:284 - === Relatório de Progresso ===
2025-05-18 10:56:30.522 | INFO     | __main__:monitor_race_control:285 - Tempo em execução: 2950.6s
2025-05-18 10:56:30.523 | INFO     | __main__:monitor_race_control:286 - Linhas processadas: 40582
2025-05-18 10:56:30.524 | INFO     | __main__:monitor_race_control:287 - Mensagens de controle encontradas: 11
2025-05-18 10:56:30.524 | INFO     | __main__:monitor_race_control:288 - Mensagens de controle inseridas: 11
2025-05-18 10:56:30.525 | INFO     | __main__:monitor_race_control:291 - Tamanho do arquivo: 9885.9 KB
2025-05-18 10:56:30.525 | INFO     | __main__:monitor_race_control:292 - Posição atual: 9885.9 KB (100.0%)
2025-05-18 10:57:04.821 | DEBUG    | __main__:process_race_control:152 - Mensagem inserida: 2025-05-18T13:57:03 - Other - TURN 7 INCIDENT INVOLVING CAR 23 (ALB) NOTED -YELL...
2025-05-18 10:57:30.997 | INFO     | __main__:monitor_race_control:284 - === Relatório de Progresso ===
2025-05-18 10:57:30.997 | INFO     | __main__:monitor_race_control:285 - Tempo em execução: 3011.0s
2025-05-18 10:57:30.998 | INFO     | __main__:monitor_race_control:286 - Linhas processadas: 41675
2025-05-18 10:57:30.998 | INFO     | __main__:monitor_race_control:287 - Mensagens de controle encontradas: 12
2025-05-18 10:57:30.998 | INFO     | __main__:monitor_race_control:288 - Mensagens de controle inseridas: 12
2025-05-18 10:57:30.999 | INFO     | __main__:monitor_race_control:291 - Tamanho do arquivo: 10148.6 KB
2025-05-18 10:57:30.999 | INFO     | __main__:monitor_race_control:292 - Posição atual: 10148.6 KB (100.0%)
2025-05-18 10:58:05.119 | DEBUG    | __main__:process_race_control:152 - Mensagem inserida: 2025-05-18T13:58:03 - Other - FIA STEWARDS: TURN 7 INCIDENT INVOLVING CAR 23 (AL...
2025-05-18 10:58:31.385 | INFO     | __main__:monitor_race_control:284 - === Relatório de Progresso ===
2025-05-18 10:58:31.386 | INFO     | __main__:monitor_race_control:285 - Tempo em execução: 3071.4s
2025-05-18 10:58:31.386 | INFO     | __main__:monitor_race_control:286 - Linhas processadas: 42746
2025-05-18 10:58:31.387 | INFO     | __main__:monitor_race_control:287 - Mensagens de controle encontradas: 13
2025-05-18 10:58:31.387 | INFO     | __main__:monitor_race_control:288 - Mensagens de controle inseridas: 13
2025-05-18 10:58:31.388 | INFO     | __main__:monitor_race_control:291 - Tamanho do arquivo: 10407.2 KB
2025-05-18 10:58:31.388 | INFO     | __main__:monitor_race_control:292 - Posição atual: 10407.2 KB (100.0%)
2025-05-18 10:59:31.783 | INFO     | __main__:monitor_race_control:284 - === Relatório de Progresso ===
2025-05-18 10:59:31.784 | INFO     | __main__:monitor_race_control:285 - Tempo em execução: 3131.8s
2025-05-18 10:59:31.785 | INFO     | __main__:monitor_race_control:286 - Linhas processadas: 43811
2025-05-18 10:59:31.785 | INFO     | __main__:monitor_race_control:287 - Mensagens de controle encontradas: 13
2025-05-18 10:59:31.788 | INFO     | __main__:monitor_race_control:288 - Mensagens de controle inseridas: 13
2025-05-18 10:59:31.791 | INFO     | __main__:monitor_race_control:291 - Tamanho do arquivo: 10668.2 KB
2025-05-18 10:59:31.792 | INFO     | __main__:monitor_race_control:292 - Posição atual: 10668.2 KB (100.0%)
2025-05-18 11:00:31.961 | INFO     | __main__:monitor_race_control:284 - === Relatório de Progresso ===
2025-05-18 11:00:31.961 | INFO     | __main__:monitor_race_control:285 - Tempo em execução: 3192.0s
2025-05-18 11:00:31.962 | INFO     | __main__:monitor_race_control:286 - Linhas processadas: 44859
2025-05-18 11:00:31.962 | INFO     | __main__:monitor_race_control:287 - Mensagens de controle encontradas: 13
2025-05-18 11:00:31.963 | INFO     | __main__:monitor_race_control:288 - Mensagens de controle inseridas: 13
2025-05-18 11:00:31.963 | INFO     | __main__:monitor_race_control:291 - Tamanho do arquivo: 10927.8 KB
2025-05-18 11:00:31.964 | INFO     | __main__:monitor_race_control:292 - Posição atual: 10927.8 KB (100.0%)
2025-05-18 11:01:32.034 | INFO     | __main__:monitor_race_control:284 - === Relatório de Progresso ===
2025-05-18 11:01:32.034 | INFO     | __main__:monitor_race_control:285 - Tempo em execução: 3252.1s
2025-05-18 11:01:32.035 | INFO     | __main__:monitor_race_control:286 - Linhas processadas: 45956
2025-05-18 11:01:32.035 | INFO     | __main__:monitor_race_control:287 - Mensagens de controle encontradas: 13
2025-05-18 11:01:32.035 | INFO     | __main__:monitor_race_control:288 - Mensagens de controle inseridas: 13
2025-05-18 11:01:32.037 | INFO     | __main__:monitor_race_control:291 - Tamanho do arquivo: 11189.9 KB
2025-05-18 11:01:32.040 | INFO     | __main__:monitor_race_control:292 - Posição atual: 11189.9 KB (100.0%)
2025-05-18 11:01:57.892 | DEBUG    | __main__:process_race_control:152 - Mensagem inserida: 2025-05-18T14:01:56 - Flag - WAVED BLUE FLAG FOR CAR 5 (BOR) TIMED AT 16:01:55...
2025-05-18 11:02:32.457 | INFO     | __main__:monitor_race_control:284 - === Relatório de Progresso ===
2025-05-18 11:02:32.457 | INFO     | __main__:monitor_race_control:285 - Tempo em execução: 3312.5s
2025-05-18 11:02:32.458 | INFO     | __main__:monitor_race_control:286 - Linhas processadas: 47018
2025-05-18 11:02:32.458 | INFO     | __main__:monitor_race_control:287 - Mensagens de controle encontradas: 14
2025-05-18 11:02:32.458 | INFO     | __main__:monitor_race_control:288 - Mensagens de controle inseridas: 14
2025-05-18 11:02:32.459 | INFO     | __main__:monitor_race_control:291 - Tamanho do arquivo: 11450.0 KB
2025-05-18 11:02:32.459 | INFO     | __main__:monitor_race_control:292 - Posição atual: 11450.0 KB (100.0%)
2025-05-18 11:03:32.521 | INFO     | __main__:monitor_race_control:284 - === Relatório de Progresso ===
2025-05-18 11:03:32.522 | INFO     | __main__:monitor_race_control:285 - Tempo em execução: 3372.6s
2025-05-18 11:03:32.522 | INFO     | __main__:monitor_race_control:286 - Linhas processadas: 48070
2025-05-18 11:03:32.522 | INFO     | __main__:monitor_race_control:287 - Mensagens de controle encontradas: 14
2025-05-18 11:03:32.523 | INFO     | __main__:monitor_race_control:288 - Mensagens de controle inseridas: 14
2025-05-18 11:03:32.523 | INFO     | __main__:monitor_race_control:291 - Tamanho do arquivo: 11707.4 KB
2025-05-18 11:03:32.524 | INFO     | __main__:monitor_race_control:292 - Posição atual: 11707.4 KB (100.0%)
2025-05-18 11:04:27.860 | DEBUG    | __main__:process_race_control:152 - Mensagem inserida: 2025-05-18T14:04:26 - Flag - WAVED BLUE FLAG FOR CAR 30 (LAW) TIMED AT 16:04:26...
2025-05-18 11:04:27.860 | INFO     | __main__:process_race_control:157 - Processadas 15 mensagens de controle de corrida até agora
2025-05-18 11:04:32.958 | INFO     | __main__:monitor_race_control:284 - === Relatório de Progresso ===
2025-05-18 11:04:32.958 | INFO     | __main__:monitor_race_control:285 - Tempo em execução: 3433.0s
2025-05-18 11:04:32.959 | INFO     | __main__:monitor_race_control:286 - Linhas processadas: 49142
2025-05-18 11:04:32.959 | INFO     | __main__:monitor_race_control:287 - Mensagens de controle encontradas: 15
2025-05-18 11:04:32.959 | INFO     | __main__:monitor_race_control:288 - Mensagens de controle inseridas: 15
2025-05-18 11:04:32.961 | INFO     | __main__:monitor_race_control:291 - Tamanho do arquivo: 11964.9 KB
2025-05-18 11:04:32.961 | INFO     | __main__:monitor_race_control:292 - Posição atual: 11964.9 KB (100.0%)
2025-05-18 11:04:54.692 | DEBUG    | __main__:process_race_control:152 - Mensagem inserida: 2025-05-18T14:04:53 - Flag - WAVED BLUE FLAG FOR CAR 43 (COL) TIMED AT 16:04:53...
2025-05-18 11:05:33.360 | INFO     | __main__:monitor_race_control:284 - === Relatório de Progresso ===
2025-05-18 11:05:33.361 | INFO     | __main__:monitor_race_control:285 - Tempo em execução: 3493.4s
2025-05-18 11:05:33.361 | INFO     | __main__:monitor_race_control:286 - Linhas processadas: 50222
2025-05-18 11:05:33.361 | INFO     | __main__:monitor_race_control:287 - Mensagens de controle encontradas: 16
2025-05-18 11:05:33.362 | INFO     | __main__:monitor_race_control:288 - Mensagens de controle inseridas: 16
2025-05-18 11:05:33.362 | INFO     | __main__:monitor_race_control:291 - Tamanho do arquivo: 12227.1 KB
2025-05-18 11:05:33.362 | INFO     | __main__:monitor_race_control:292 - Posição atual: 12227.1 KB (100.0%)
2025-05-18 11:06:03.395 | DEBUG    | __main__:process_race_control:152 - Mensagem inserida: 2025-05-18T14:06:02 - Flag - WAVED BLUE FLAG FOR CAR 10 (GAS) TIMED AT 16:06:01...
2025-05-18 11:06:09.080 | DEBUG    | __main__:process_race_control:152 - Mensagem inserida: 2025-05-18T14:06:07 - Flag - YELLOW IN TRACK SECTOR 8...
2025-05-18 11:06:22.528 | DEBUG    | __main__:process_race_control:152 - Mensagem inserida: 2025-05-18T14:06:21 - Flag - WAVED BLUE FLAG FOR CAR 10 (GAS) TIMED AT 16:06:20...
2025-05-18 11:06:28.203 | DEBUG    | __main__:process_race_control:152 - Mensagem inserida: 2025-05-18T14:06:27 - SafetyCar - SAFETY CAR DEPLOYED...
2025-05-18 11:06:28.203 | INFO     | __main__:process_race_control:157 - Processadas 20 mensagens de controle de corrida até agora
2025-05-18 11:06:33.841 | INFO     | __main__:monitor_race_control:284 - === Relatório de Progresso ===
2025-05-18 11:06:33.842 | INFO     | __main__:monitor_race_control:285 - Tempo em execução: 3553.9s
2025-05-18 11:06:33.842 | INFO     | __main__:monitor_race_control:286 - Linhas processadas: 51261
2025-05-18 11:06:33.843 | INFO     | __main__:monitor_race_control:287 - Mensagens de controle encontradas: 20
2025-05-18 11:06:33.843 | INFO     | __main__:monitor_race_control:288 - Mensagens de controle inseridas: 20
2025-05-18 11:06:33.843 | INFO     | __main__:monitor_race_control:291 - Tamanho do arquivo: 12480.6 KB
2025-05-18 11:06:33.843 | INFO     | __main__:monitor_race_control:292 - Posição atual: 12480.6 KB (100.0%)
2025-05-18 11:07:07.907 | DEBUG    | __main__:process_race_control:152 - Mensagem inserida: 2025-05-18T14:07:06 - Flag - DOUBLE YELLOW IN TRACK SECTOR 8...
2025-05-18 11:07:34.315 | INFO     | __main__:monitor_race_control:284 - === Relatório de Progresso ===
2025-05-18 11:07:34.316 | INFO     | __main__:monitor_race_control:285 - Tempo em execução: 3614.4s
2025-05-18 11:07:34.316 | INFO     | __main__:monitor_race_control:286 - Linhas processadas: 52039
2025-05-18 11:07:34.316 | INFO     | __main__:monitor_race_control:287 - Mensagens de controle encontradas: 21
2025-05-18 11:07:34.317 | INFO     | __main__:monitor_race_control:288 - Mensagens de controle inseridas: 21
2025-05-18 11:07:34.317 | INFO     | __main__:monitor_race_control:291 - Tamanho do arquivo: 12704.9 KB
2025-05-18 11:07:34.318 | INFO     | __main__:monitor_race_control:292 - Posição atual: 12704.9 KB (100.0%)
2025-05-18 11:08:34.343 | INFO     | __main__:monitor_race_control:284 - === Relatório de Progresso ===
2025-05-18 11:08:34.344 | INFO     | __main__:monitor_race_control:285 - Tempo em execução: 3674.4s
2025-05-18 11:08:34.344 | INFO     | __main__:monitor_race_control:286 - Linhas processadas: 52791
2025-05-18 11:08:34.345 | INFO     | __main__:monitor_race_control:287 - Mensagens de controle encontradas: 21
2025-05-18 11:08:34.345 | INFO     | __main__:monitor_race_control:288 - Mensagens de controle inseridas: 21
2025-05-18 11:08:34.345 | INFO     | __main__:monitor_race_control:291 - Tamanho do arquivo: 12924.3 KB
2025-05-18 11:08:34.346 | INFO     | __main__:monitor_race_control:292 - Posição atual: 12924.3 KB (100.0%)
2025-05-18 11:09:31.457 | DEBUG    | __main__:process_race_control:152 - Mensagem inserida: 2025-05-18T14:09:30 - Other - RECOVERY VEHICLE ON TRACK AT TURN 7...
2025-05-18 11:09:34.535 | INFO     | __main__:monitor_race_control:284 - === Relatório de Progresso ===
2025-05-18 11:09:34.535 | INFO     | __main__:monitor_race_control:285 - Tempo em execução: 3734.6s
2025-05-18 11:09:34.535 | INFO     | __main__:monitor_race_control:286 - Linhas processadas: 53541
2025-05-18 11:09:34.536 | INFO     | __main__:monitor_race_control:287 - Mensagens de controle encontradas: 22
2025-05-18 11:09:34.536 | INFO     | __main__:monitor_race_control:288 - Mensagens de controle inseridas: 22
2025-05-18 11:09:34.536 | INFO     | __main__:monitor_race_control:291 - Tamanho do arquivo: 13145.8 KB
2025-05-18 11:09:34.537 | INFO     | __main__:monitor_race_control:292 - Posição atual: 13145.8 KB (100.0%)
2025-05-18 11:10:34.602 | INFO     | __main__:monitor_race_control:284 - === Relatório de Progresso ===
2025-05-18 11:10:34.603 | INFO     | __main__:monitor_race_control:285 - Tempo em execução: 3794.6s
2025-05-18 11:10:34.603 | INFO     | __main__:monitor_race_control:286 - Linhas processadas: 54359
2025-05-18 11:10:34.604 | INFO     | __main__:monitor_race_control:287 - Mensagens de controle encontradas: 22
2025-05-18 11:10:34.604 | INFO     | __main__:monitor_race_control:288 - Mensagens de controle inseridas: 22
2025-05-18 11:10:34.605 | INFO     | __main__:monitor_race_control:291 - Tamanho do arquivo: 13377.0 KB
2025-05-18 11:10:34.605 | INFO     | __main__:monitor_race_control:292 - Posição atual: 13377.0 KB (100.0%)
2025-05-18 11:11:34.988 | INFO     | __main__:monitor_race_control:284 - === Relatório de Progresso ===
2025-05-18 11:11:34.988 | INFO     | __main__:monitor_race_control:285 - Tempo em execução: 3855.0s
2025-05-18 11:11:34.989 | INFO     | __main__:monitor_race_control:286 - Linhas processadas: 55161
2025-05-18 11:11:34.989 | INFO     | __main__:monitor_race_control:287 - Mensagens de controle encontradas: 22
2025-05-18 11:11:34.990 | INFO     | __main__:monitor_race_control:288 - Mensagens de controle inseridas: 22
2025-05-18 11:11:34.991 | INFO     | __main__:monitor_race_control:291 - Tamanho do arquivo: 13603.4 KB
2025-05-18 11:11:34.992 | INFO     | __main__:monitor_race_control:292 - Posição atual: 13603.4 KB (100.0%)
2025-05-18 11:12:35.292 | INFO     | __main__:monitor_race_control:284 - === Relatório de Progresso ===
2025-05-18 11:12:35.293 | INFO     | __main__:monitor_race_control:285 - Tempo em execução: 3915.3s
2025-05-18 11:12:35.293 | INFO     | __main__:monitor_race_control:286 - Linhas processadas: 56034
2025-05-18 11:12:35.293 | INFO     | __main__:monitor_race_control:287 - Mensagens de controle encontradas: 22
2025-05-18 11:12:35.294 | INFO     | __main__:monitor_race_control:288 - Mensagens de controle inseridas: 22
2025-05-18 11:12:35.294 | INFO     | __main__:monitor_race_control:291 - Tamanho do arquivo: 13841.6 KB
2025-05-18 11:12:35.294 | INFO     | __main__:monitor_race_control:292 - Posição atual: 13841.6 KB (100.0%)
2025-05-18 11:13:35.550 | INFO     | __main__:monitor_race_control:284 - === Relatório de Progresso ===
2025-05-18 11:13:35.552 | INFO     | __main__:monitor_race_control:285 - Tempo em execução: 3975.6s
2025-05-18 11:13:35.554 | INFO     | __main__:monitor_race_control:286 - Linhas processadas: 56796
2025-05-18 11:13:35.559 | INFO     | __main__:monitor_race_control:287 - Mensagens de controle encontradas: 22
2025-05-18 11:13:35.560 | INFO     | __main__:monitor_race_control:288 - Mensagens de controle inseridas: 22
2025-05-18 11:13:35.561 | INFO     | __main__:monitor_race_control:291 - Tamanho do arquivo: 14063.7 KB
2025-05-18 11:13:35.571 | INFO     | __main__:monitor_race_control:292 - Posição atual: 14063.7 KB (100.0%)
2025-05-18 11:14:19.683 | DEBUG    | __main__:process_race_control:152 - Mensagem inserida: 2025-05-18T14:14:18 - Flag - DOUBLE YELLOW IN TRACK SECTOR 9...
2025-05-18 11:14:35.699 | INFO     | __main__:monitor_race_control:284 - === Relatório de Progresso ===
2025-05-18 11:14:35.699 | INFO     | __main__:monitor_race_control:285 - Tempo em execução: 4035.7s
2025-05-18 11:14:35.700 | INFO     | __main__:monitor_race_control:286 - Linhas processadas: 57541
2025-05-18 11:14:35.700 | INFO     | __main__:monitor_race_control:287 - Mensagens de controle encontradas: 23
2025-05-18 11:14:35.700 | INFO     | __main__:monitor_race_control:288 - Mensagens de controle inseridas: 23
2025-05-18 11:14:35.701 | INFO     | __main__:monitor_race_control:291 - Tamanho do arquivo: 14286.3 KB
2025-05-18 11:14:35.701 | INFO     | __main__:monitor_race_control:292 - Posição atual: 14286.3 KB (100.0%)
2025-05-18 11:15:35.840 | INFO     | __main__:monitor_race_control:284 - === Relatório de Progresso ===
2025-05-18 11:15:35.841 | INFO     | __main__:monitor_race_control:285 - Tempo em execução: 4095.9s
2025-05-18 11:15:35.841 | INFO     | __main__:monitor_race_control:286 - Linhas processadas: 58205
2025-05-18 11:15:35.842 | INFO     | __main__:monitor_race_control:287 - Mensagens de controle encontradas: 23
2025-05-18 11:15:35.843 | INFO     | __main__:monitor_race_control:288 - Mensagens de controle inseridas: 23
2025-05-18 11:15:35.843 | INFO     | __main__:monitor_race_control:291 - Tamanho do arquivo: 14494.7 KB
2025-05-18 11:15:35.846 | INFO     | __main__:monitor_race_control:292 - Posição atual: 14494.7 KB (100.0%)
2025-05-18 11:16:21.746 | DEBUG    | __main__:process_race_control:152 - Mensagem inserida: 2025-05-18T14:16:20 - Flag - CLEAR IN TRACK SECTOR 8...
2025-05-18 11:16:36.214 | INFO     | __main__:monitor_race_control:284 - === Relatório de Progresso ===
2025-05-18 11:16:36.215 | INFO     | __main__:monitor_race_control:285 - Tempo em execução: 4156.3s
2025-05-18 11:16:36.215 | INFO     | __main__:monitor_race_control:286 - Linhas processadas: 58905
2025-05-18 11:16:36.216 | INFO     | __main__:monitor_race_control:287 - Mensagens de controle encontradas: 24
2025-05-18 11:16:36.216 | INFO     | __main__:monitor_race_control:288 - Mensagens de controle inseridas: 24
2025-05-18 11:16:36.216 | INFO     | __main__:monitor_race_control:291 - Tamanho do arquivo: 14711.7 KB
2025-05-18 11:16:36.217 | INFO     | __main__:monitor_race_control:292 - Posição atual: 14711.7 KB (100.0%)
2025-05-18 11:17:22.370 | DEBUG    | __main__:process_race_control:152 - Mensagem inserida: 2025-05-18T14:17:21 - Flag - CLEAR IN TRACK SECTOR 9...
2025-05-18 11:17:22.371 | INFO     | __main__:process_race_control:157 - Processadas 25 mensagens de controle de corrida até agora
2025-05-18 11:17:36.363 | INFO     | __main__:monitor_race_control:284 - === Relatório de Progresso ===
2025-05-18 11:17:36.364 | INFO     | __main__:monitor_race_control:285 - Tempo em execução: 4216.4s
2025-05-18 11:17:36.364 | INFO     | __main__:monitor_race_control:286 - Linhas processadas: 59586
2025-05-18 11:17:36.365 | INFO     | __main__:monitor_race_control:287 - Mensagens de controle encontradas: 25
2025-05-18 11:17:36.365 | INFO     | __main__:monitor_race_control:288 - Mensagens de controle inseridas: 25
2025-05-18 11:17:36.366 | INFO     | __main__:monitor_race_control:291 - Tamanho do arquivo: 14918.6 KB
2025-05-18 11:17:36.366 | INFO     | __main__:monitor_race_control:292 - Posição atual: 14918.6 KB (100.0%)
2025-05-18 11:18:04.640 | DEBUG    | __main__:process_race_control:152 - Mensagem inserida: 2025-05-18T14:18:03 - Other - LAPPED CAR MAY NOW OVERTAKE THE SAFETY CAR: 87...
2025-05-18 11:18:36.400 | INFO     | __main__:monitor_race_control:284 - === Relatório de Progresso ===
2025-05-18 11:18:36.401 | INFO     | __main__:monitor_race_control:285 - Tempo em execução: 4276.4s
2025-05-18 11:18:36.401 | INFO     | __main__:monitor_race_control:286 - Linhas processadas: 60335
2025-05-18 11:18:36.402 | INFO     | __main__:monitor_race_control:287 - Mensagens de controle encontradas: 26
2025-05-18 11:18:36.402 | INFO     | __main__:monitor_race_control:288 - Mensagens de controle inseridas: 26
2025-05-18 11:18:36.403 | INFO     | __main__:monitor_race_control:291 - Tamanho do arquivo: 15138.6 KB
2025-05-18 11:18:36.404 | INFO     | __main__:monitor_race_control:292 - Posição atual: 15138.6 KB (100.0%)
2025-05-18 11:19:36.451 | INFO     | __main__:monitor_race_control:284 - === Relatório de Progresso ===
2025-05-18 11:19:36.455 | INFO     | __main__:monitor_race_control:285 - Tempo em execução: 4336.5s
2025-05-18 11:19:36.456 | INFO     | __main__:monitor_race_control:286 - Linhas processadas: 61060
2025-05-18 11:19:36.461 | INFO     | __main__:monitor_race_control:287 - Mensagens de controle encontradas: 26
2025-05-18 11:19:36.467 | INFO     | __main__:monitor_race_control:288 - Mensagens de controle inseridas: 26
2025-05-18 11:19:36.468 | INFO     | __main__:monitor_race_control:291 - Tamanho do arquivo: 15354.5 KB
2025-05-18 11:19:36.469 | INFO     | __main__:monitor_race_control:292 - Posição atual: 15354.5 KB (100.0%)
2025-05-18 11:20:10.844 | DEBUG    | __main__:process_race_control:152 - Mensagem inserida: 2025-05-18T14:20:09 - SafetyCar - SAFETY CAR IN THIS LAP...
2025-05-18 11:20:36.750 | INFO     | __main__:monitor_race_control:284 - === Relatório de Progresso ===
2025-05-18 11:20:36.751 | INFO     | __main__:monitor_race_control:285 - Tempo em execução: 4396.8s
2025-05-18 11:20:36.751 | INFO     | __main__:monitor_race_control:286 - Linhas processadas: 61814
2025-05-18 11:20:36.751 | INFO     | __main__:monitor_race_control:287 - Mensagens de controle encontradas: 27
2025-05-18 11:20:36.752 | INFO     | __main__:monitor_race_control:288 - Mensagens de controle inseridas: 27
2025-05-18 11:20:36.752 | INFO     | __main__:monitor_race_control:291 - Tamanho do arquivo: 15581.0 KB
2025-05-18 11:20:36.753 | INFO     | __main__:monitor_race_control:292 - Posição atual: 15581.0 KB (100.0%)
2025-05-18 11:21:37.088 | INFO     | __main__:monitor_race_control:284 - === Relatório de Progresso ===
2025-05-18 11:21:37.089 | INFO     | __main__:monitor_race_control:285 - Tempo em execução: 4457.1s
2025-05-18 11:21:37.090 | INFO     | __main__:monitor_race_control:286 - Linhas processadas: 62502
2025-05-18 11:21:37.090 | INFO     | __main__:monitor_race_control:287 - Mensagens de controle encontradas: 27
2025-05-18 11:21:37.091 | INFO     | __main__:monitor_race_control:288 - Mensagens de controle inseridas: 27
2025-05-18 11:21:37.091 | INFO     | __main__:monitor_race_control:291 - Tamanho do arquivo: 15794.6 KB
2025-05-18 11:21:37.091 | INFO     | __main__:monitor_race_control:292 - Posição atual: 15794.6 KB (100.0%)
2025-05-18 11:21:43.439 | DEBUG    | __main__:process_race_control:152 - Mensagem inserida: 2025-05-18T14:21:42 - Flag - TRACK CLEAR...
2025-05-18 11:22:37.234 | INFO     | __main__:monitor_race_control:284 - === Relatório de Progresso ===
2025-05-18 11:22:37.235 | INFO     | __main__:monitor_race_control:285 - Tempo em execução: 4517.3s
2025-05-18 11:22:37.235 | INFO     | __main__:monitor_race_control:286 - Linhas processadas: 63334
2025-05-18 11:22:37.235 | INFO     | __main__:monitor_race_control:287 - Mensagens de controle encontradas: 28
2025-05-18 11:22:37.235 | INFO     | __main__:monitor_race_control:288 - Mensagens de controle inseridas: 28
2025-05-18 11:22:37.236 | INFO     | __main__:monitor_race_control:291 - Tamanho do arquivo: 16021.5 KB
2025-05-18 11:22:37.236 | INFO     | __main__:monitor_race_control:292 - Posição atual: 16021.5 KB (100.0%)
2025-05-18 11:23:25.636 | DEBUG    | __main__:process_race_control:152 - Mensagem inserida: 2025-05-18T14:23:24 - Other - INCIDENT INVOLVING CARS 4 (NOR) AND 23 (ALB) NOTED...
2025-05-18 11:23:34.943 | DEBUG    | __main__:process_race_control:152 - Mensagem inserida: 2025-05-18T14:23:33 - Drs - DRS ENABLED...
2025-05-18 11:23:34.943 | INFO     | __main__:process_race_control:157 - Processadas 30 mensagens de controle de corrida até agora
2025-05-18 11:23:37.518 | INFO     | __main__:monitor_race_control:284 - === Relatório de Progresso ===
2025-05-18 11:23:37.518 | INFO     | __main__:monitor_race_control:285 - Tempo em execução: 4577.6s
2025-05-18 11:23:37.519 | INFO     | __main__:monitor_race_control:286 - Linhas processadas: 64387
2025-05-18 11:23:37.519 | INFO     | __main__:monitor_race_control:287 - Mensagens de controle encontradas: 30
2025-05-18 11:23:37.520 | INFO     | __main__:monitor_race_control:288 - Mensagens de controle inseridas: 30
2025-05-18 11:23:37.520 | INFO     | __main__:monitor_race_control:291 - Tamanho do arquivo: 16274.9 KB
2025-05-18 11:23:37.520 | INFO     | __main__:monitor_race_control:292 - Posição atual: 16274.9 KB (100.0%)
2025-05-18 11:24:32.189 | DEBUG    | __main__:process_race_control:152 - Mensagem inserida: 2025-05-18T14:24:31 - Other - FIA STEWARDS: INCIDENT INVOLVING CARS 4 (NOR) AND ...
2025-05-18 11:24:37.853 | INFO     | __main__:monitor_race_control:284 - === Relatório de Progresso ===
2025-05-18 11:24:37.854 | INFO     | __main__:monitor_race_control:285 - Tempo em execução: 4637.9s
2025-05-18 11:24:37.854 | INFO     | __main__:monitor_race_control:286 - Linhas processadas: 65364
2025-05-18 11:24:37.855 | INFO     | __main__:monitor_race_control:287 - Mensagens de controle encontradas: 31
2025-05-18 11:24:37.858 | INFO     | __main__:monitor_race_control:288 - Mensagens de controle inseridas: 31
2025-05-18 11:24:37.861 | INFO     | __main__:monitor_race_control:291 - Tamanho do arquivo: 16515.3 KB
2025-05-18 11:24:37.861 | INFO     | __main__:monitor_race_control:292 - Posição atual: 16515.3 KB (100.0%)
2025-05-18 11:25:38.080 | INFO     | __main__:monitor_race_control:284 - === Relatório de Progresso ===
2025-05-18 11:25:38.099 | INFO     | __main__:monitor_race_control:285 - Tempo em execução: 4698.1s
2025-05-18 11:25:38.105 | INFO     | __main__:monitor_race_control:286 - Linhas processadas: 66355
2025-05-18 11:25:38.106 | INFO     | __main__:monitor_race_control:287 - Mensagens de controle encontradas: 31
2025-05-18 11:25:38.107 | INFO     | __main__:monitor_race_control:288 - Mensagens de controle inseridas: 31
2025-05-18 11:25:38.109 | INFO     | __main__:monitor_race_control:291 - Tamanho do arquivo: 16764.4 KB
2025-05-18 11:25:38.110 | INFO     | __main__:monitor_race_control:292 - Posição atual: 16764.4 KB (100.0%)
2025-05-18 11:26:38.385 | INFO     | __main__:monitor_race_control:284 - === Relatório de Progresso ===
2025-05-18 11:26:38.385 | INFO     | __main__:monitor_race_control:285 - Tempo em execução: 4758.4s
2025-05-18 11:26:38.386 | INFO     | __main__:monitor_race_control:286 - Linhas processadas: 67411
2025-05-18 11:26:38.386 | INFO     | __main__:monitor_race_control:287 - Mensagens de controle encontradas: 31
2025-05-18 11:26:38.386 | INFO     | __main__:monitor_race_control:288 - Mensagens de controle inseridas: 31
2025-05-18 11:26:38.387 | INFO     | __main__:monitor_race_control:291 - Tamanho do arquivo: 17020.8 KB
2025-05-18 11:26:38.387 | INFO     | __main__:monitor_race_control:292 - Posição atual: 17020.8 KB (100.0%)
2025-05-18 11:27:38.608 | INFO     | __main__:monitor_race_control:284 - === Relatório de Progresso ===
2025-05-18 11:27:38.610 | INFO     | __main__:monitor_race_control:285 - Tempo em execução: 4818.7s
2025-05-18 11:27:38.611 | INFO     | __main__:monitor_race_control:286 - Linhas processadas: 68483
2025-05-18 11:27:38.611 | INFO     | __main__:monitor_race_control:287 - Mensagens de controle encontradas: 31
2025-05-18 11:27:38.612 | INFO     | __main__:monitor_race_control:288 - Mensagens de controle inseridas: 31
2025-05-18 11:27:38.612 | INFO     | __main__:monitor_race_control:291 - Tamanho do arquivo: 17272.3 KB
2025-05-18 11:27:38.613 | INFO     | __main__:monitor_race_control:292 - Posição atual: 17272.3 KB (100.0%)
2025-05-18 11:28:38.924 | INFO     | __main__:monitor_race_control:284 - === Relatório de Progresso ===
2025-05-18 11:28:38.930 | INFO     | __main__:monitor_race_control:285 - Tempo em execução: 4879.0s
2025-05-18 11:28:38.932 | INFO     | __main__:monitor_race_control:286 - Linhas processadas: 69461
2025-05-18 11:28:38.932 | INFO     | __main__:monitor_race_control:287 - Mensagens de controle encontradas: 31
2025-05-18 11:28:38.933 | INFO     | __main__:monitor_race_control:288 - Mensagens de controle inseridas: 31
2025-05-18 11:28:38.934 | INFO     | __main__:monitor_race_control:291 - Tamanho do arquivo: 17512.1 KB
2025-05-18 11:28:38.934 | INFO     | __main__:monitor_race_control:292 - Posição atual: 17512.1 KB (100.0%)
2025-05-18 11:29:39.241 | INFO     | __main__:monitor_race_control:284 - === Relatório de Progresso ===
2025-05-18 11:29:39.242 | INFO     | __main__:monitor_race_control:285 - Tempo em execução: 4939.3s
2025-05-18 11:29:39.242 | INFO     | __main__:monitor_race_control:286 - Linhas processadas: 70469
2025-05-18 11:29:39.243 | INFO     | __main__:monitor_race_control:287 - Mensagens de controle encontradas: 31
2025-05-18 11:29:39.244 | INFO     | __main__:monitor_race_control:288 - Mensagens de controle inseridas: 31
2025-05-18 11:29:39.245 | INFO     | __main__:monitor_race_control:291 - Tamanho do arquivo: 17761.8 KB
2025-05-18 11:29:39.246 | INFO     | __main__:monitor_race_control:292 - Posição atual: 17761.8 KB (100.0%)
2025-05-18 11:30:39.655 | INFO     | __main__:monitor_race_control:284 - === Relatório de Progresso ===
2025-05-18 11:30:39.655 | INFO     | __main__:monitor_race_control:285 - Tempo em execução: 4999.7s
2025-05-18 11:30:39.655 | INFO     | __main__:monitor_race_control:286 - Linhas processadas: 71530
2025-05-18 11:30:39.656 | INFO     | __main__:monitor_race_control:287 - Mensagens de controle encontradas: 31
2025-05-18 11:30:39.656 | INFO     | __main__:monitor_race_control:288 - Mensagens de controle inseridas: 31
2025-05-18 11:30:39.657 | INFO     | __main__:monitor_race_control:291 - Tamanho do arquivo: 18016.1 KB
2025-05-18 11:30:39.657 | INFO     | __main__:monitor_race_control:292 - Posição atual: 18016.1 KB (100.0%)
2025-05-18 11:31:23.416 | DEBUG    | __main__:process_race_control:152 - Mensagem inserida: 2025-05-18T14:31:22 - Other - TURN 2 INCIDENT INVOLVING CARS 16 (LEC) AND 23 (AL...
2025-05-18 11:31:40.008 | INFO     | __main__:monitor_race_control:284 - === Relatório de Progresso ===
2025-05-18 11:31:40.010 | INFO     | __main__:monitor_race_control:285 - Tempo em execução: 5060.1s
2025-05-18 11:31:40.012 | INFO     | __main__:monitor_race_control:286 - Linhas processadas: 72597
2025-05-18 11:31:40.013 | INFO     | __main__:monitor_race_control:287 - Mensagens de controle encontradas: 32
2025-05-18 11:31:40.015 | INFO     | __main__:monitor_race_control:288 - Mensagens de controle inseridas: 32
2025-05-18 11:31:40.018 | INFO     | __main__:monitor_race_control:291 - Tamanho do arquivo: 18268.4 KB
2025-05-18 11:31:40.019 | INFO     | __main__:monitor_race_control:292 - Posição atual: 18268.4 KB (100.0%)
2025-05-18 11:31:44.215 | DEBUG    | __main__:process_race_control:152 - Mensagem inserida: 2025-05-18T14:31:43 - Other - CAR 23 (ALB) TIME 1:21.386 DELETED - TRACK LIMITS ...
2025-05-18 11:32:40.373 | INFO     | __main__:monitor_race_control:284 - === Relatório de Progresso ===
2025-05-18 11:32:40.374 | INFO     | __main__:monitor_race_control:285 - Tempo em execução: 5120.4s
2025-05-18 11:32:40.374 | INFO     | __main__:monitor_race_control:286 - Linhas processadas: 73583
2025-05-18 11:32:40.375 | INFO     | __main__:monitor_race_control:287 - Mensagens de controle encontradas: 33
2025-05-18 11:32:40.376 | INFO     | __main__:monitor_race_control:288 - Mensagens de controle inseridas: 33
2025-05-18 11:32:40.377 | INFO     | __main__:monitor_race_control:291 - Tamanho do arquivo: 18509.1 KB
2025-05-18 11:32:40.377 | INFO     | __main__:monitor_race_control:292 - Posição atual: 18509.1 KB (100.0%)
2025-05-18 11:33:40.518 | INFO     | __main__:monitor_race_control:284 - === Relatório de Progresso ===
2025-05-18 11:33:40.524 | INFO     | __main__:monitor_race_control:285 - Tempo em execução: 5180.6s
2025-05-18 11:33:40.525 | INFO     | __main__:monitor_race_control:286 - Linhas processadas: 74578
2025-05-18 11:33:40.526 | INFO     | __main__:monitor_race_control:287 - Mensagens de controle encontradas: 33
2025-05-18 11:33:40.526 | INFO     | __main__:monitor_race_control:288 - Mensagens de controle inseridas: 33
2025-05-18 11:33:40.527 | INFO     | __main__:monitor_race_control:291 - Tamanho do arquivo: 18758.9 KB
2025-05-18 11:33:40.527 | INFO     | __main__:monitor_race_control:292 - Posição atual: 18758.9 KB (100.0%)
2025-05-18 11:33:49.172 | DEBUG    | __main__:process_race_control:152 - Mensagem inserida: 2025-05-18T14:33:47 - Other - FIA STEWARDS: TURN 2 INCIDENT INVOLVING CARS 16 (L...
2025-05-18 11:34:40.628 | INFO     | __main__:monitor_race_control:284 - === Relatório de Progresso ===
2025-05-18 11:34:40.629 | INFO     | __main__:monitor_race_control:285 - Tempo em execução: 5240.7s
2025-05-18 11:34:40.629 | INFO     | __main__:monitor_race_control:286 - Linhas processadas: 75617
2025-05-18 11:34:40.630 | INFO     | __main__:monitor_race_control:287 - Mensagens de controle encontradas: 34
2025-05-18 11:34:40.630 | INFO     | __main__:monitor_race_control:288 - Mensagens de controle inseridas: 34
2025-05-18 11:34:40.631 | INFO     | __main__:monitor_race_control:291 - Tamanho do arquivo: 19012.2 KB
2025-05-18 11:34:40.631 | INFO     | __main__:monitor_race_control:292 - Posição atual: 19012.2 KB (100.0%)
2025-05-18 11:35:07.541 | DEBUG    | __main__:process_race_control:152 - Mensagem inserida: 2025-05-18T14:35:06 - Flag - CHEQUERED FLAG...
2025-05-18 11:35:07.542 | INFO     | __main__:process_race_control:157 - Processadas 35 mensagens de controle de corrida até agora
2025-05-18 11:35:40.628 | INFO     | __main__:monitor_race_control:284 - === Relatório de Progresso ===
2025-05-18 11:35:40.629 | INFO     | __main__:monitor_race_control:285 - Tempo em execução: 5300.7s
2025-05-18 11:35:40.629 | INFO     | __main__:monitor_race_control:286 - Linhas processadas: 76592
2025-05-18 11:35:40.630 | INFO     | __main__:monitor_race_control:287 - Mensagens de controle encontradas: 35
2025-05-18 11:35:40.630 | INFO     | __main__:monitor_race_control:288 - Mensagens de controle inseridas: 35
2025-05-18 11:35:40.630 | INFO     | __main__:monitor_race_control:291 - Tamanho do arquivo: 19252.8 KB
2025-05-18 11:35:40.631 | INFO     | __main__:monitor_race_control:292 - Posição atual: 19252.8 KB (100.0%)
2025-05-18 11:36:40.985 | INFO     | __main__:monitor_race_control:284 - === Relatório de Progresso ===
2025-05-18 11:36:40.986 | INFO     | __main__:monitor_race_control:285 - Tempo em execução: 5361.0s
2025-05-18 11:36:40.987 | INFO     | __main__:monitor_race_control:286 - Linhas processadas: 76869
2025-05-18 11:36:40.988 | INFO     | __main__:monitor_race_control:287 - Mensagens de controle encontradas: 35
2025-05-18 11:36:40.990 | INFO     | __main__:monitor_race_control:288 - Mensagens de controle inseridas: 35
2025-05-18 11:36:40.991 | INFO     | __main__:monitor_race_control:291 - Tamanho do arquivo: 19406.8 KB
2025-05-18 11:36:40.991 | INFO     | __main__:monitor_race_control:292 - Posição atual: 19406.8 KB (100.0%)
2025-05-18 11:36:51.989 | DEBUG    | __main__:process_race_control:152 - Mensagem inserida: 2025-05-18T14:36:51 - Other - FIA STEWARDS: TURN 2 INCIDENT INVOLVING CARS 16 (L...
2025-05-18 11:37:41.203 | INFO     | __main__:monitor_race_control:284 - === Relatório de Progresso ===
2025-05-18 11:37:41.204 | INFO     | __main__:monitor_race_control:285 - Tempo em execução: 5421.3s
2025-05-18 11:37:41.204 | INFO     | __main__:monitor_race_control:286 - Linhas processadas: 77124
2025-05-18 11:37:41.206 | INFO     | __main__:monitor_race_control:287 - Mensagens de controle encontradas: 36
2025-05-18 11:37:41.207 | INFO     | __main__:monitor_race_control:288 - Mensagens de controle inseridas: 36
2025-05-18 11:37:41.207 | INFO     | __main__:monitor_race_control:291 - Tamanho do arquivo: 19545.7 KB
2025-05-18 11:37:41.208 | INFO     | __main__:monitor_race_control:292 - Posição atual: 19545.7 KB (100.0%)
2025-05-18 11:38:41.543 | INFO     | __main__:monitor_race_control:284 - === Relatório de Progresso ===
2025-05-18 11:38:41.543 | INFO     | __main__:monitor_race_control:285 - Tempo em execução: 5481.6s
2025-05-18 11:38:41.544 | INFO     | __main__:monitor_race_control:286 - Linhas processadas: 77126
2025-05-18 11:38:41.544 | INFO     | __main__:monitor_race_control:287 - Mensagens de controle encontradas: 36
2025-05-18 11:38:41.544 | INFO     | __main__:monitor_race_control:288 - Mensagens de controle inseridas: 36
2025-05-18 11:38:41.545 | INFO     | __main__:monitor_race_control:291 - Tamanho do arquivo: 19546.1 KB
2025-05-18 11:38:41.546 | INFO     | __main__:monitor_race_control:292 - Posição atual: 19546.1 KB (100.0%)
2025-05-18 11:39:41.927 | INFO     | __main__:monitor_race_control:284 - === Relatório de Progresso ===
2025-05-18 11:39:41.928 | INFO     | __main__:monitor_race_control:285 - Tempo em execução: 5542.0s
2025-05-18 11:39:41.928 | INFO     | __main__:monitor_race_control:286 - Linhas processadas: 77126
2025-05-18 11:39:41.929 | INFO     | __main__:monitor_race_control:287 - Mensagens de controle encontradas: 36
2025-05-18 11:39:41.929 | INFO     | __main__:monitor_race_control:288 - Mensagens de controle inseridas: 36
2025-05-18 11:39:41.929 | INFO     | __main__:monitor_race_control:291 - Tamanho do arquivo: 19546.1 KB
2025-05-18 11:39:41.930 | INFO     | __main__:monitor_race_control:292 - Posição atual: 19546.1 KB (100.0%)
2025-05-18 11:40:42.289 | INFO     | __main__:monitor_race_control:284 - === Relatório de Progresso ===
2025-05-18 11:40:42.289 | INFO     | __main__:monitor_race_control:285 - Tempo em execução: 5602.3s
2025-05-18 11:40:42.290 | INFO     | __main__:monitor_race_control:286 - Linhas processadas: 77126
2025-05-18 11:40:42.290 | INFO     | __main__:monitor_race_control:287 - Mensagens de controle encontradas: 36
2025-05-18 11:40:42.291 | INFO     | __main__:monitor_race_control:288 - Mensagens de controle inseridas: 36
2025-05-18 11:40:42.291 | INFO     | __main__:monitor_race_control:291 - Tamanho do arquivo: 19546.1 KB
2025-05-18 11:40:42.291 | INFO     | __main__:monitor_race_control:292 - Posição atual: 19546.1 KB (100.0%)
2025-05-18 11:41:42.619 | INFO     | __main__:monitor_race_control:284 - === Relatório de Progresso ===
2025-05-18 11:41:42.619 | INFO     | __main__:monitor_race_control:285 - Tempo em execução: 5662.7s
2025-05-18 11:41:42.620 | INFO     | __main__:monitor_race_control:286 - Linhas processadas: 77126
2025-05-18 11:41:42.620 | INFO     | __main__:monitor_race_control:287 - Mensagens de controle encontradas: 36
2025-05-18 11:41:42.620 | INFO     | __main__:monitor_race_control:288 - Mensagens de controle inseridas: 36
2025-05-18 11:41:42.621 | INFO     | __main__:monitor_race_control:291 - Tamanho do arquivo: 19546.1 KB
2025-05-18 11:41:42.621 | INFO     | __main__:monitor_race_control:292 - Posição atual: 19546.1 KB (100.0%)
2025-05-18 11:42:43.019 | INFO     | __main__:monitor_race_control:284 - === Relatório de Progresso ===
2025-05-18 11:42:43.021 | INFO     | __main__:monitor_race_control:285 - Tempo em execução: 5723.1s
2025-05-18 11:42:43.021 | INFO     | __main__:monitor_race_control:286 - Linhas processadas: 77126
2025-05-18 11:42:43.022 | INFO     | __main__:monitor_race_control:287 - Mensagens de controle encontradas: 36
2025-05-18 11:42:43.022 | INFO     | __main__:monitor_race_control:288 - Mensagens de controle inseridas: 36
2025-05-18 11:42:43.023 | INFO     | __main__:monitor_race_control:291 - Tamanho do arquivo: 19546.1 KB
2025-05-18 11:42:43.023 | INFO     | __main__:monitor_race_control:292 - Posição atual: 19546.1 KB (100.0%)
2025-05-18 11:43:43.269 | INFO     | __main__:monitor_race_control:284 - === Relatório de Progresso ===
2025-05-18 11:43:43.270 | INFO     | __main__:monitor_race_control:285 - Tempo em execução: 5783.3s
2025-05-18 11:43:43.270 | INFO     | __main__:monitor_race_control:286 - Linhas processadas: 77126
2025-05-18 11:43:43.271 | INFO     | __main__:monitor_race_control:287 - Mensagens de controle encontradas: 36
2025-05-18 11:43:43.271 | INFO     | __main__:monitor_race_control:288 - Mensagens de controle inseridas: 36
2025-05-18 11:43:43.271 | INFO     | __main__:monitor_race_control:291 - Tamanho do arquivo: 19546.1 KB
2025-05-18 11:43:43.272 | INFO     | __main__:monitor_race_control:292 - Posição atual: 19546.1 KB (100.0%)
2025-05-18 11:44:43.619 | INFO     | __main__:monitor_race_control:284 - === Relatório de Progresso ===
2025-05-18 11:44:43.620 | INFO     | __main__:monitor_race_control:285 - Tempo em execução: 5843.7s
2025-05-18 11:44:43.620 | INFO     | __main__:monitor_race_control:286 - Linhas processadas: 77126
2025-05-18 11:44:43.621 | INFO     | __main__:monitor_race_control:287 - Mensagens de controle encontradas: 36
2025-05-18 11:44:43.621 | INFO     | __main__:monitor_race_control:288 - Mensagens de controle inseridas: 36
2025-05-18 11:44:43.621 | INFO     | __main__:monitor_race_control:291 - Tamanho do arquivo: 19546.1 KB
2025-05-18 11:44:43.622 | INFO     | __main__:monitor_race_control:292 - Posição atual: 19546.1 KB (100.0%)
2025-05-18 11:45:43.946 | INFO     | __main__:monitor_race_control:284 - === Relatório de Progresso ===
2025-05-18 11:45:43.946 | INFO     | __main__:monitor_race_control:285 - Tempo em execução: 5904.0s
2025-05-18 11:45:43.947 | INFO     | __main__:monitor_race_control:286 - Linhas processadas: 77126
2025-05-18 11:45:43.947 | INFO     | __main__:monitor_race_control:287 - Mensagens de controle encontradas: 36
2025-05-18 11:45:43.947 | INFO     | __main__:monitor_race_control:288 - Mensagens de controle inseridas: 36
2025-05-18 11:45:43.948 | INFO     | __main__:monitor_race_control:291 - Tamanho do arquivo: 19546.1 KB
2025-05-18 11:45:43.948 | INFO     | __main__:monitor_race_control:292 - Posição atual: 19546.1 KB (100.0%)
2025-05-18 11:46:44.288 | INFO     | __main__:monitor_race_control:284 - === Relatório de Progresso ===
2025-05-18 11:46:44.289 | INFO     | __main__:monitor_race_control:285 - Tempo em execução: 5964.3s
2025-05-18 11:46:44.289 | INFO     | __main__:monitor_race_control:286 - Linhas processadas: 77126
2025-05-18 11:46:44.289 | INFO     | __main__:monitor_race_control:287 - Mensagens de controle encontradas: 36
2025-05-18 11:46:44.290 | INFO     | __main__:monitor_race_control:288 - Mensagens de controle inseridas: 36
2025-05-18 11:46:44.290 | INFO     | __main__:monitor_race_control:291 - Tamanho do arquivo: 19546.1 KB
2025-05-18 11:46:44.291 | INFO     | __main__:monitor_race_control:292 - Posição atual: 19546.1 KB (100.0%)
2025-05-18 11:47:44.661 | INFO     | __main__:monitor_race_control:284 - === Relatório de Progresso ===
2025-05-18 11:47:44.661 | INFO     | __main__:monitor_race_control:285 - Tempo em execução: 6024.7s
2025-05-18 11:47:44.661 | INFO     | __main__:monitor_race_control:286 - Linhas processadas: 77126
2025-05-18 11:47:44.662 | INFO     | __main__:monitor_race_control:287 - Mensagens de controle encontradas: 36
2025-05-18 11:47:44.662 | INFO     | __main__:monitor_race_control:288 - Mensagens de controle inseridas: 36
2025-05-18 11:47:44.663 | INFO     | __main__:monitor_race_control:291 - Tamanho do arquivo: 19546.1 KB
2025-05-18 11:47:44.663 | INFO     | __main__:monitor_race_control:292 - Posição atual: 19546.1 KB (100.0%)
2025-05-18 11:48:44.974 | INFO     | __main__:monitor_race_control:284 - === Relatório de Progresso ===
2025-05-18 11:48:44.975 | INFO     | __main__:monitor_race_control:285 - Tempo em execução: 6085.0s
2025-05-18 11:48:44.975 | INFO     | __main__:monitor_race_control:286 - Linhas processadas: 77126
2025-05-18 11:48:44.975 | INFO     | __main__:monitor_race_control:287 - Mensagens de controle encontradas: 36
2025-05-18 11:48:44.976 | INFO     | __main__:monitor_race_control:288 - Mensagens de controle inseridas: 36
2025-05-18 11:48:44.976 | INFO     | __main__:monitor_race_control:291 - Tamanho do arquivo: 19546.1 KB
2025-05-18 11:48:44.977 | INFO     | __main__:monitor_race_control:292 - Posição atual: 19546.1 KB (100.0%)
2025-05-18 11:49:45.367 | INFO     | __main__:monitor_race_control:284 - === Relatório de Progresso ===
2025-05-18 11:49:45.367 | INFO     | __main__:monitor_race_control:285 - Tempo em execução: 6145.4s
2025-05-18 11:49:45.368 | INFO     | __main__:monitor_race_control:286 - Linhas processadas: 77126
2025-05-18 11:49:45.368 | INFO     | __main__:monitor_race_control:287 - Mensagens de controle encontradas: 36
2025-05-18 11:49:45.369 | INFO     | __main__:monitor_race_control:288 - Mensagens de controle inseridas: 36
2025-05-18 11:49:45.369 | INFO     | __main__:monitor_race_control:291 - Tamanho do arquivo: 19546.1 KB
2025-05-18 11:49:45.369 | INFO     | __main__:monitor_race_control:292 - Posição atual: 19546.1 KB (100.0%)
2025-05-18 11:50:45.740 | INFO     | __main__:monitor_race_control:284 - === Relatório de Progresso ===
2025-05-18 11:50:45.740 | INFO     | __main__:monitor_race_control:285 - Tempo em execução: 6205.8s
2025-05-18 11:50:45.741 | INFO     | __main__:monitor_race_control:286 - Linhas processadas: 77126
2025-05-18 11:50:45.741 | INFO     | __main__:monitor_race_control:287 - Mensagens de controle encontradas: 36
2025-05-18 11:50:45.741 | INFO     | __main__:monitor_race_control:288 - Mensagens de controle inseridas: 36
2025-05-18 11:50:45.742 | INFO     | __main__:monitor_race_control:291 - Tamanho do arquivo: 19546.1 KB
2025-05-18 11:50:45.742 | INFO     | __main__:monitor_race_control:292 - Posição atual: 19546.1 KB (100.0%)
2025-05-18 11:50:56.921 | INFO     | __main__:handle_shutdown:26 - Sinal de encerramento recebido (2)
2025-05-18 11:50:56.989 | INFO     | __main__:monitor_race_control:309 - === Relatório Final ===
2025-05-18 11:50:56.989 | INFO     | __main__:monitor_race_control:310 - Tempo total: 6217.0s
2025-05-18 11:50:56.990 | INFO     | __main__:monitor_race_control:311 - Linhas processadas: 77126
2025-05-18 11:50:56.990 | INFO     | __main__:monitor_race_control:312 - Mensagens de controle encontradas: 36
2025-05-18 11:50:56.991 | INFO     | __main__:monitor_race_control:313 - Mensagens de controle inseridas: 36
2025-05-18 11:50:57.034 | INFO     | __main__:close:180 - Conexão com o banco de dados fechada
2025-05-18 11:50:57.035 | INFO     | __main__:monitor_race_control:322 - Monitoramento encerrado
